{"/Users/gerard/Documents/skylab-bootcamp-202101/gerard-mangues/challenges/heroes/tour-of-heroes/hero.js": {"path":"/Users/gerard/Documents/skylab-bootcamp-202101/gerard-mangues/challenges/heroes/tour-of-heroes/hero.js","statementMap":{"0":{"start":{"line":1,"column":15},"end":{"line":25806,"column":1}}},"fnMap":{},"branchMap":{},"s":{"0":1},"f":{},"b":{},"_coverageSchema":"1a1c01bbd47fc00a2c39e90264f33305004495a9","hash":"e365bd5a81cfbfb7d07c6d00494db3b8d2615b70"}
,"/Users/gerard/Documents/skylab-bootcamp-202101/gerard-mangues/challenges/heroes/tour-of-heroes/src/hero-detail/hero-detail.js": {"path":"/Users/gerard/Documents/skylab-bootcamp-202101/gerard-mangues/challenges/heroes/tour-of-heroes/src/hero-detail/hero-detail.js","statementMap":{"0":{"start":{"line":1,"column":33},"end":{"line":1,"column":48}},"1":{"start":{"line":6,"column":13},"end":{"line":6,"column":35}},"2":{"start":{"line":7,"column":30},"end":{"line":7,"column":49}},"3":{"start":{"line":9,"column":23},"end":{"line":9,"column":53}},"4":{"start":{"line":11,"column":18},"end":{"line":11,"column":70}},"5":{"start":{"line":11,"column":48},"end":{"line":11,"column":69}},"6":{"start":{"line":13,"column":2},"end":{"line":13,"column":49}},"7":{"start":{"line":17,"column":22},"end":{"line":17,"column":65}},"8":{"start":{"line":18,"column":2},"end":{"line":18,"column":48}},"9":{"start":{"line":22,"column":20},"end":{"line":22,"column":57}},"10":{"start":{"line":23,"column":2},"end":{"line":23,"column":29}},"11":{"start":{"line":26,"column":2},"end":{"line":26,"column":22}},"12":{"start":{"line":27,"column":2},"end":{"line":27,"column":22}},"13":{"start":{"line":31,"column":20},"end":{"line":31,"column":55}},"14":{"start":{"line":32,"column":2},"end":{"line":32,"column":32}},"15":{"start":{"line":36,"column":21},"end":{"line":36,"column":55}},"16":{"start":{"line":38,"column":18},"end":{"line":38,"column":47}},"17":{"start":{"line":39,"column":17},"end":{"line":39,"column":23}},"18":{"start":{"line":40,"column":2},"end":{"line":40,"column":19}},"19":{"start":{"line":41,"column":2},"end":{"line":41,"column":21}},"20":{"start":{"line":42,"column":2},"end":{"line":42,"column":30}},"21":{"start":{"line":43,"column":2},"end":{"line":43,"column":34}},"22":{"start":{"line":47,"column":27},"end":{"line":47,"column":63}},"23":{"start":{"line":49,"column":21},"end":{"line":49,"column":43}},"24":{"start":{"line":50,"column":26},"end":{"line":50,"column":50}},"25":{"start":{"line":52,"column":2},"end":{"line":56,"column":3}},"26":{"start":{"line":52,"column":15},"end":{"line":52,"column":16}},"27":{"start":{"line":53,"column":17},"end":{"line":53,"column":47}},"28":{"start":{"line":54,"column":4},"end":{"line":54,"column":71}},"29":{"start":{"line":55,"column":4},"end":{"line":55,"column":39}},"30":{"start":{"line":60,"column":20},"end":{"line":60,"column":43}},"31":{"start":{"line":61,"column":22},"end":{"line":61,"column":47}},"32":{"start":{"line":62,"column":16},"end":{"line":62,"column":48}},"33":{"start":{"line":64,"column":2},"end":{"line":85,"column":3}},"34":{"start":{"line":64,"column":15},"end":{"line":64,"column":16}},"35":{"start":{"line":67,"column":4},"end":{"line":73,"column":5}},"36":{"start":{"line":68,"column":6},"end":{"line":68,"column":46}},"37":{"start":{"line":69,"column":11},"end":{"line":73,"column":5}},"38":{"start":{"line":70,"column":6},"end":{"line":70,"column":47}},"39":{"start":{"line":72,"column":6},"end":{"line":72,"column":46}},"40":{"start":{"line":75,"column":21},"end":{"line":75,"column":50}},"41":{"start":{"line":76,"column":4},"end":{"line":76,"column":38}},"42":{"start":{"line":77,"column":4},"end":{"line":77,"column":49}},"43":{"start":{"line":78,"column":4},"end":{"line":78,"column":56}},"44":{"start":{"line":80,"column":21},"end":{"line":80,"column":51}},"45":{"start":{"line":81,"column":4},"end":{"line":81,"column":43}},"46":{"start":{"line":83,"column":4},"end":{"line":83,"column":35}},"47":{"start":{"line":84,"column":4},"end":{"line":84,"column":32}},"48":{"start":{"line":91,"column":2},"end":{"line":91,"column":21}},"49":{"start":{"line":92,"column":2},"end":{"line":92,"column":17}},"50":{"start":{"line":93,"column":2},"end":{"line":93,"column":28}},"51":{"start":{"line":94,"column":2},"end":{"line":94,"column":24}},"52":{"start":{"line":95,"column":2},"end":{"line":95,"column":27}},"53":{"start":{"line":98,"column":0},"end":{"line":109,"column":2}}},"fnMap":{"0":{"name":"parseIdFromLocation","decl":{"start":{"line":5,"column":9},"end":{"line":5,"column":28}},"loc":{"start":{"line":5,"column":46},"end":{"line":14,"column":1}},"line":5},"1":{"name":"(anonymous_1)","decl":{"start":{"line":11,"column":36},"end":{"line":11,"column":37}},"loc":{"start":{"line":11,"column":48},"end":{"line":11,"column":69}},"line":11},"2":{"name":"drawTitle","decl":{"start":{"line":16,"column":9},"end":{"line":16,"column":18}},"loc":{"start":{"line":16,"column":29},"end":{"line":19,"column":1}},"line":16},"3":{"name":"drawInput","decl":{"start":{"line":21,"column":9},"end":{"line":21,"column":18}},"loc":{"start":{"line":21,"column":29},"end":{"line":24,"column":1}},"line":21},"4":{"name":"drawHeroName","decl":{"start":{"line":25,"column":9},"end":{"line":25,"column":21}},"loc":{"start":{"line":25,"column":32},"end":{"line":28,"column":1}},"line":25},"5":{"name":"drawHeroId","decl":{"start":{"line":30,"column":9},"end":{"line":30,"column":19}},"loc":{"start":{"line":30,"column":28},"end":{"line":33,"column":1}},"line":30},"6":{"name":"drawHeroImg","decl":{"start":{"line":35,"column":9},"end":{"line":35,"column":20}},"loc":{"start":{"line":35,"column":35},"end":{"line":44,"column":1}},"line":35},"7":{"name":"getHeroBio","decl":{"start":{"line":46,"column":9},"end":{"line":46,"column":19}},"loc":{"start":{"line":46,"column":31},"end":{"line":57,"column":1}},"line":46},"8":{"name":"getHeroStats","decl":{"start":{"line":59,"column":9},"end":{"line":59,"column":21}},"loc":{"start":{"line":59,"column":34},"end":{"line":86,"column":1}},"line":59},"9":{"name":"drawHeroInfo","decl":{"start":{"line":88,"column":9},"end":{"line":88,"column":21}},"loc":{"start":{"line":90,"column":3},"end":{"line":96,"column":1}},"line":90}},"branchMap":{"0":{"loc":{"start":{"line":13,"column":9},"end":{"line":13,"column":48}},"type":"cond-expr","locations":[{"start":{"line":13,"column":19},"end":{"line":13,"column":41}},{"start":{"line":13,"column":44},"end":{"line":13,"column":48}}],"line":13},"1":{"loc":{"start":{"line":67,"column":4},"end":{"line":73,"column":5}},"type":"if","locations":[{"start":{"line":67,"column":4},"end":{"line":73,"column":5}},{"start":{"line":67,"column":4},"end":{"line":73,"column":5}}],"line":67},"2":{"loc":{"start":{"line":69,"column":11},"end":{"line":73,"column":5}},"type":"if","locations":[{"start":{"line":69,"column":11},"end":{"line":73,"column":5}},{"start":{"line":69,"column":11},"end":{"line":73,"column":5}}],"line":69}},"s":{"0":1,"1":2,"2":2,"3":2,"4":2,"5":2,"6":2,"7":3,"8":3,"9":3,"10":3,"11":2,"12":2,"13":2,"14":2,"15":3,"16":3,"17":3,"18":3,"19":3,"20":3,"21":3,"22":2,"23":2,"24":2,"25":2,"26":2,"27":2,"28":2,"29":2,"30":4,"31":4,"32":4,"33":4,"34":4,"35":4,"36":2,"37":2,"38":1,"39":1,"40":4,"41":4,"42":4,"43":4,"44":4,"45":4,"46":4,"47":4,"48":1,"49":1,"50":1,"51":1,"52":1,"53":1},"f":{"0":2,"1":2,"2":3,"3":3,"4":2,"5":2,"6":3,"7":2,"8":4,"9":1},"b":{"0":[1,1],"1":[2,2],"2":[1,1]},"_coverageSchema":"1a1c01bbd47fc00a2c39e90264f33305004495a9","hash":"680c7dee4878a9d02ca2b4535301376f3ee3af50"}
}
