TN:
SF:hero.js
FNF:0
FNH:0
DA:1,1
LF:1
LH:1
BRF:0
BRH:0
end_of_record
TN:
SF:src/hero-detail/hero-detail.js
FN:5,parseIdFromLocation
FN:11,(anonymous_1)
FN:16,drawTitle
FN:21,drawInput
FN:25,drawHeroName
FN:30,drawHeroId
FN:35,drawHeroImg
FN:46,getHeroBio
FN:59,getHeroStats
FN:88,drawHeroInfo
FNF:10
FNH:10
FNDA:2,parseIdFromLocation
FNDA:2,(anonymous_1)
FNDA:3,drawTitle
FNDA:3,drawInput
FNDA:2,drawHeroName
FNDA:2,drawHeroId
FNDA:3,drawHeroImg
FNDA:2,getHeroBio
FNDA:4,getHeroStats
FNDA:1,drawHeroInfo
DA:1,1
DA:6,2
DA:7,2
DA:9,2
DA:11,2
DA:13,2
DA:17,3
DA:18,3
DA:22,3
DA:23,3
DA:26,2
DA:27,2
DA:31,2
DA:32,2
DA:36,3
DA:38,3
DA:39,3
DA:40,3
DA:41,3
DA:42,3
DA:43,3
DA:47,2
DA:49,2
DA:50,2
DA:52,2
DA:53,2
DA:54,2
DA:55,2
DA:60,4
DA:61,4
DA:62,4
DA:64,4
DA:67,4
DA:68,2
DA:69,2
DA:70,1
DA:72,1
DA:75,4
DA:76,4
DA:77,4
DA:78,4
DA:80,4
DA:81,4
DA:83,4
DA:84,4
DA:91,1
DA:92,1
DA:93,1
DA:94,1
DA:95,1
DA:98,1
LF:51
LH:51
BRDA:13,0,0,1
BRDA:13,0,1,1
BRDA:67,1,0,2
BRDA:67,1,1,2
BRDA:69,2,0,1
BRDA:69,2,1,1
BRF:6
BRH:6
end_of_record
