{"/Users/gerard/Documents/skylab-bootcamp-202101/gerard-mangues/challenges/toh-react/tour-of-heroes/FRONTEND/src/index.jsx": {"path":"/Users/gerard/Documents/skylab-bootcamp-202101/gerard-mangues/challenges/toh-react/tour-of-heroes/FRONTEND/src/index.jsx","statementMap":{"0":{"start":{"line":14,"column":15},"end":{"line":14,"column":36}},"1":{"start":{"line":16,"column":0},"end":{"line":36,"column":2}}},"fnMap":{},"branchMap":{},"s":{"0":0,"1":0},"f":{},"b":{}}
,"/Users/gerard/Documents/skylab-bootcamp-202101/gerard-mangues/challenges/toh-react/tour-of-heroes/FRONTEND/src/components/Dashboard/dashboard.jsx": {"path":"/Users/gerard/Documents/skylab-bootcamp-202101/gerard-mangues/challenges/toh-react/tour-of-heroes/FRONTEND/src/components/Dashboard/dashboard.jsx","statementMap":{"0":{"start":{"line":10,"column":17},"end":{"line":10,"column":50}},"1":{"start":{"line":11,"column":2},"end":{"line":19,"column":4}},"2":{"start":{"line":16,"column":30},"end":{"line":16,"column":163}}},"fnMap":{"0":{"name":"Dashboard","decl":{"start":{"line":9,"column":24},"end":{"line":9,"column":33}},"loc":{"start":{"line":9,"column":36},"end":{"line":20,"column":1}},"line":9},"1":{"name":"(anonymous_1)","decl":{"start":{"line":16,"column":20},"end":{"line":16,"column":21}},"loc":{"start":{"line":16,"column":30},"end":{"line":16,"column":163}},"line":16}},"branchMap":{},"s":{"0":0,"1":0,"2":0},"f":{"0":0,"1":0},"b":{}}
,"/Users/gerard/Documents/skylab-bootcamp-202101/gerard-mangues/challenges/toh-react/tour-of-heroes/FRONTEND/src/components/Header/Header.jsx": {"path":"/Users/gerard/Documents/skylab-bootcamp-202101/gerard-mangues/challenges/toh-react/tour-of-heroes/FRONTEND/src/components/Header/Header.jsx","statementMap":{"0":{"start":{"line":6,"column":2},"end":{"line":14,"column":4}}},"fnMap":{"0":{"name":"Header","decl":{"start":{"line":5,"column":24},"end":{"line":5,"column":30}},"loc":{"start":{"line":5,"column":33},"end":{"line":15,"column":1}},"line":5}},"branchMap":{},"s":{"0":0},"f":{"0":0},"b":{},"_coverageSchema":"1a1c01bbd47fc00a2c39e90264f33305004495a9","hash":"0f4e252a4a030628bf6331a90dc477490bc1dd5b"}
,"/Users/gerard/Documents/skylab-bootcamp-202101/gerard-mangues/challenges/toh-react/tour-of-heroes/FRONTEND/src/components/Hero-Detail/hero-detail.jsx": {"path":"/Users/gerard/Documents/skylab-bootcamp-202101/gerard-mangues/challenges/toh-react/tour-of-heroes/FRONTEND/src/components/Hero-Detail/hero-detail.jsx","statementMap":{"0":{"start":{"line":10,"column":2},"end":{"line":10,"column":11}},"1":{"start":{"line":11,"column":26},"end":{"line":11,"column":55}},"2":{"start":{"line":13,"column":19},"end":{"line":13,"column":55}},"3":{"start":{"line":16,"column":4},"end":{"line":16,"column":33}},"4":{"start":{"line":19,"column":4},"end":{"line":22,"column":7}},"5":{"start":{"line":25,"column":2},"end":{"line":32,"column":15}},"6":{"start":{"line":26,"column":4},"end":{"line":26,"column":47}},"7":{"start":{"line":28,"column":4},"end":{"line":30,"column":5}},"8":{"start":{"line":29,"column":6},"end":{"line":29,"column":23}},"9":{"start":{"line":31,"column":4},"end":{"line":31,"column":63}},"10":{"start":{"line":31,"column":17},"end":{"line":31,"column":62}},"11":{"start":{"line":35,"column":4},"end":{"line":63,"column":6}},"12":{"start":{"line":59,"column":65},"end":{"line":59,"column":81}},"13":{"start":{"line":67,"column":4},"end":{"line":67,"column":33}},"14":{"start":{"line":70,"column":2},"end":{"line":70,"column":38}}},"fnMap":{"0":{"name":"HeroDetail","decl":{"start":{"line":8,"column":24},"end":{"line":8,"column":34}},"loc":{"start":{"line":8,"column":42},"end":{"line":71,"column":1}},"line":8},"1":{"name":"selectedChange","decl":{"start":{"line":15,"column":11},"end":{"line":15,"column":25}},"loc":{"start":{"line":15,"column":28},"end":{"line":17,"column":3}},"line":15},"2":{"name":"nameChange","decl":{"start":{"line":18,"column":11},"end":{"line":18,"column":21}},"loc":{"start":{"line":18,"column":29},"end":{"line":23,"column":3}},"line":18},"3":{"name":"(anonymous_3)","decl":{"start":{"line":25,"column":12},"end":{"line":25,"column":13}},"loc":{"start":{"line":25,"column":18},"end":{"line":32,"column":3}},"line":25},"4":{"name":"(anonymous_4)","decl":{"start":{"line":31,"column":11},"end":{"line":31,"column":12}},"loc":{"start":{"line":31,"column":17},"end":{"line":31,"column":62}},"line":31},"5":{"name":"drawHero","decl":{"start":{"line":34,"column":11},"end":{"line":34,"column":19}},"loc":{"start":{"line":34,"column":22},"end":{"line":64,"column":3}},"line":34},"6":{"name":"(anonymous_6)","decl":{"start":{"line":59,"column":59},"end":{"line":59,"column":60}},"loc":{"start":{"line":59,"column":65},"end":{"line":59,"column":81}},"line":59},"7":{"name":"noHero","decl":{"start":{"line":66,"column":11},"end":{"line":66,"column":17}},"loc":{"start":{"line":66,"column":20},"end":{"line":68,"column":3}},"line":66}},"branchMap":{"0":{"loc":{"start":{"line":28,"column":4},"end":{"line":30,"column":5}},"type":"if","locations":[{"start":{"line":28,"column":4},"end":{"line":30,"column":5}},{"start":{"line":28,"column":4},"end":{"line":30,"column":5}}],"line":28},"1":{"loc":{"start":{"line":70,"column":9},"end":{"line":70,"column":37}},"type":"cond-expr","locations":[{"start":{"line":70,"column":16},"end":{"line":70,"column":26}},{"start":{"line":70,"column":29},"end":{"line":70,"column":37}}],"line":70}},"s":{"0":3,"1":3,"2":2,"3":0,"4":0,"5":0,"6":0,"7":0,"8":0,"9":0,"10":0,"11":0,"12":0,"13":0,"14":0},"f":{"0":3,"1":0,"2":0,"3":0,"4":0,"5":0,"6":0,"7":0},"b":{"0":[0,0],"1":[0,0]},"_coverageSchema":"1a1c01bbd47fc00a2c39e90264f33305004495a9","hash":"3ac817f71257e2a2c5469d12f3efd5cbcea02b4a"}
,"/Users/gerard/Documents/skylab-bootcamp-202101/gerard-mangues/challenges/toh-react/tour-of-heroes/FRONTEND/src/components/Heroes-List/heros-list.jsx": {"path":"/Users/gerard/Documents/skylab-bootcamp-202101/gerard-mangues/challenges/toh-react/tour-of-heroes/FRONTEND/src/components/Heroes-List/heros-list.jsx","statementMap":{"0":{"start":{"line":9,"column":30},"end":{"line":9,"column":61}},"1":{"start":{"line":10,"column":34},"end":{"line":10,"column":46}},"2":{"start":{"line":13,"column":4},"end":{"line":13,"column":37}},"3":{"start":{"line":16,"column":2},"end":{"line":22,"column":15}},"4":{"start":{"line":17,"column":4},"end":{"line":17,"column":42}},"5":{"start":{"line":19,"column":4},"end":{"line":21,"column":6}},"6":{"start":{"line":20,"column":6},"end":{"line":20,"column":47}},"7":{"start":{"line":24,"column":2},"end":{"line":62,"column":4}},"8":{"start":{"line":34,"column":33},"end":{"line":34,"column":64}},"9":{"start":{"line":43,"column":12},"end":{"line":43,"column":43}},"10":{"start":{"line":44,"column":12},"end":{"line":44,"column":28}},"11":{"start":{"line":53,"column":10},"end":{"line":58,"column":12}}},"fnMap":{"0":{"name":"HeroesList","decl":{"start":{"line":8,"column":24},"end":{"line":8,"column":34}},"loc":{"start":{"line":8,"column":37},"end":{"line":63,"column":1}},"line":8},"1":{"name":"onChanges","decl":{"start":{"line":12,"column":11},"end":{"line":12,"column":20}},"loc":{"start":{"line":12,"column":23},"end":{"line":14,"column":3}},"line":12},"2":{"name":"(anonymous_2)","decl":{"start":{"line":16,"column":12},"end":{"line":16,"column":13}},"loc":{"start":{"line":16,"column":18},"end":{"line":22,"column":3}},"line":16},"3":{"name":"(anonymous_3)","decl":{"start":{"line":19,"column":11},"end":{"line":19,"column":12}},"loc":{"start":{"line":19,"column":17},"end":{"line":21,"column":5}},"line":19},"4":{"name":"(anonymous_4)","decl":{"start":{"line":34,"column":22},"end":{"line":34,"column":23}},"loc":{"start":{"line":34,"column":33},"end":{"line":34,"column":64}},"line":34},"5":{"name":"(anonymous_5)","decl":{"start":{"line":42,"column":19},"end":{"line":42,"column":20}},"loc":{"start":{"line":42,"column":25},"end":{"line":45,"column":11}},"line":42},"6":{"name":"(anonymous_6)","decl":{"start":{"line":52,"column":20},"end":{"line":52,"column":21}},"loc":{"start":{"line":53,"column":10},"end":{"line":58,"column":12}},"line":53}},"branchMap":{},"s":{"0":0,"1":0,"2":0,"3":0,"4":0,"5":0,"6":0,"7":0,"8":0,"9":0,"10":0,"11":0},"f":{"0":0,"1":0,"2":0,"3":0,"4":0,"5":0,"6":0},"b":{}}
,"/Users/gerard/Documents/skylab-bootcamp-202101/gerard-mangues/challenges/toh-react/tour-of-heroes/FRONTEND/src/components/Heroes-List/list-element.jsx": {"path":"/Users/gerard/Documents/skylab-bootcamp-202101/gerard-mangues/challenges/toh-react/tour-of-heroes/FRONTEND/src/components/Heroes-List/list-element.jsx","statementMap":{"0":{"start":{"line":12,"column":2},"end":{"line":12,"column":11}},"1":{"start":{"line":14,"column":4},"end":{"line":14,"column":26}},"2":{"start":{"line":19,"column":4},"end":{"line":19,"column":13}},"3":{"start":{"line":20,"column":4},"end":{"line":20,"column":48}},"4":{"start":{"line":22,"column":2},"end":{"line":34,"column":4}},"5":{"start":{"line":29,"column":31},"end":{"line":29,"column":47}},"6":{"start":{"line":29,"column":48},"end":{"line":29,"column":67}},"7":{"start":{"line":37,"column":0},"end":{"line":39,"column":2}}},"fnMap":{"0":{"name":"ListElement","decl":{"start":{"line":10,"column":24},"end":{"line":10,"column":35}},"loc":{"start":{"line":10,"column":72},"end":{"line":35,"column":1}},"line":10},"1":{"name":"onClickRemove","decl":{"start":{"line":13,"column":11},"end":{"line":13,"column":24}},"loc":{"start":{"line":13,"column":27},"end":{"line":15,"column":3}},"line":13},"2":{"name":"onClickUpdate","decl":{"start":{"line":17,"column":11},"end":{"line":17,"column":24}},"loc":{"start":{"line":17,"column":27},"end":{"line":21,"column":3}},"line":17},"3":{"name":"(anonymous_3)","decl":{"start":{"line":29,"column":23},"end":{"line":29,"column":24}},"loc":{"start":{"line":29,"column":29},"end":{"line":29,"column":69}},"line":29}},"branchMap":{},"s":{"0":0,"1":0,"2":0,"3":0,"4":0,"5":0,"6":0,"7":0},"f":{"0":0,"1":0,"2":0,"3":0},"b":{}}
,"/Users/gerard/Documents/skylab-bootcamp-202101/gerard-mangues/challenges/toh-react/tour-of-heroes/FRONTEND/src/flux/actions/heroActionTypes.js": {"path":"/Users/gerard/Documents/skylab-bootcamp-202101/gerard-mangues/challenges/toh-react/tour-of-heroes/FRONTEND/src/flux/actions/heroActionTypes.js","statementMap":{"0":{"start":{"line":1,"column":24},"end":{"line":6,"column":1}}},"fnMap":{},"branchMap":{},"s":{"0":2},"f":{},"b":{},"_coverageSchema":"1a1c01bbd47fc00a2c39e90264f33305004495a9","hash":"18a600554c56b3853ad3f4b39a167595b44f2f0a"}
,"/Users/gerard/Documents/skylab-bootcamp-202101/gerard-mangues/challenges/toh-react/tour-of-heroes/FRONTEND/src/flux/actions/heroActions.js": {"path":"/Users/gerard/Documents/skylab-bootcamp-202101/gerard-mangues/challenges/toh-react/tour-of-heroes/FRONTEND/src/flux/actions/heroActions.js","statementMap":{"0":{"start":{"line":5,"column":2},"end":{"line":8,"column":5}},"1":{"start":{"line":12,"column":2},"end":{"line":15,"column":5}},"2":{"start":{"line":20,"column":2},"end":{"line":20,"column":11}},"3":{"start":{"line":21,"column":2},"end":{"line":24,"column":5}}},"fnMap":{"0":{"name":"loadHero","decl":{"start":{"line":4,"column":16},"end":{"line":4,"column":24}},"loc":{"start":{"line":4,"column":33},"end":{"line":9,"column":1}},"line":4},"1":{"name":"deleteHeroes","decl":{"start":{"line":11,"column":16},"end":{"line":11,"column":28}},"loc":{"start":{"line":11,"column":37},"end":{"line":16,"column":1}},"line":11},"2":{"name":"updateHero","decl":{"start":{"line":18,"column":16},"end":{"line":18,"column":26}},"loc":{"start":{"line":18,"column":33},"end":{"line":25,"column":1}},"line":18}},"branchMap":{"0":{"loc":{"start":{"line":22,"column":10},"end":{"line":22,"column":74}},"type":"cond-expr","locations":[{"start":{"line":22,"column":20},"end":{"line":22,"column":47}},{"start":{"line":22,"column":50},"end":{"line":22,"column":74}}],"line":22}},"s":{"0":1,"1":1,"2":2,"3":2},"f":{"0":1,"1":1,"2":2},"b":{"0":[1,1]},"_coverageSchema":"1a1c01bbd47fc00a2c39e90264f33305004495a9","hash":"cbbd6b6af77875fca0031847126312882c7d92c2"}
,"/Users/gerard/Documents/skylab-bootcamp-202101/gerard-mangues/challenges/toh-react/tour-of-heroes/FRONTEND/src/flux/dispatcher/dispatcher.js": {"path":"/Users/gerard/Documents/skylab-bootcamp-202101/gerard-mangues/challenges/toh-react/tour-of-heroes/FRONTEND/src/flux/dispatcher/dispatcher.js","statementMap":{"0":{"start":{"line":3,"column":19},"end":{"line":3,"column":35}}},"fnMap":{},"branchMap":{},"s":{"0":2},"f":{},"b":{},"_coverageSchema":"1a1c01bbd47fc00a2c39e90264f33305004495a9","hash":"615edaafceb81c687b43ef750132cecdb4ad6323"}
,"/Users/gerard/Documents/skylab-bootcamp-202101/gerard-mangues/challenges/toh-react/tour-of-heroes/FRONTEND/src/flux/stores/heroStore.js": {"path":"/Users/gerard/Documents/skylab-bootcamp-202101/gerard-mangues/challenges/toh-react/tour-of-heroes/FRONTEND/src/flux/stores/heroStore.js","statementMap":{"0":{"start":{"line":5,"column":15},"end":{"line":5,"column":23}},"1":{"start":{"line":6,"column":13},"end":{"line":6,"column":15}},"2":{"start":{"line":8,"column":19},"end":{"line":8,"column":23}},"3":{"start":{"line":11,"column":4},"end":{"line":11,"column":30}},"4":{"start":{"line":15,"column":4},"end":{"line":15,"column":42}},"5":{"start":{"line":19,"column":4},"end":{"line":19,"column":22}},"6":{"start":{"line":24,"column":4},"end":{"line":24,"column":18}},"7":{"start":{"line":29,"column":4},"end":{"line":29,"column":24}},"8":{"start":{"line":35,"column":2},"end":{"line":37,"column":3}},"9":{"start":{"line":36,"column":4},"end":{"line":36,"column":13}},"10":{"start":{"line":38,"column":18},"end":{"line":38,"column":47}},"11":{"start":{"line":38,"column":39},"end":{"line":38,"column":46}},"12":{"start":{"line":39,"column":20},"end":{"line":39,"column":40}},"13":{"start":{"line":40,"column":17},"end":{"line":40,"column":30}},"14":{"start":{"line":41,"column":2},"end":{"line":41,"column":16}},"15":{"start":{"line":43,"column":18},"end":{"line":43,"column":33}},"16":{"start":{"line":45,"column":0},"end":{"line":73,"column":3}},"17":{"start":{"line":47,"column":2},"end":{"line":47,"column":11}},"18":{"start":{"line":48,"column":2},"end":{"line":72,"column":3}},"19":{"start":{"line":50,"column":6},"end":{"line":50,"column":65}},"20":{"start":{"line":51,"column":6},"end":{"line":51,"column":29}},"21":{"start":{"line":52,"column":6},"end":{"line":52,"column":12}},"22":{"start":{"line":54,"column":6},"end":{"line":54,"column":67}},"23":{"start":{"line":54,"column":39},"end":{"line":54,"column":65}},"24":{"start":{"line":55,"column":6},"end":{"line":55,"column":29}},"25":{"start":{"line":56,"column":6},"end":{"line":56,"column":12}},"26":{"start":{"line":58,"column":6},"end":{"line":63,"column":9}},"27":{"start":{"line":59,"column":8},"end":{"line":61,"column":9}},"28":{"start":{"line":60,"column":10},"end":{"line":60,"column":29}},"29":{"start":{"line":62,"column":8},"end":{"line":62,"column":20}},"30":{"start":{"line":64,"column":6},"end":{"line":64,"column":29}},"31":{"start":{"line":65,"column":6},"end":{"line":65,"column":12}},"32":{"start":{"line":67,"column":6},"end":{"line":67,"column":70}},"33":{"start":{"line":67,"column":43},"end":{"line":67,"column":68}},"34":{"start":{"line":68,"column":6},"end":{"line":68,"column":29}},"35":{"start":{"line":69,"column":6},"end":{"line":69,"column":12}},"36":{"start":{"line":71,"column":6},"end":{"line":71,"column":12}}},"fnMap":{"0":{"name":"(anonymous_0)","decl":{"start":{"line":10,"column":2},"end":{"line":10,"column":3}},"loc":{"start":{"line":10,"column":29},"end":{"line":12,"column":3}},"line":10},"1":{"name":"(anonymous_1)","decl":{"start":{"line":14,"column":2},"end":{"line":14,"column":3}},"loc":{"start":{"line":14,"column":32},"end":{"line":16,"column":3}},"line":14},"2":{"name":"(anonymous_2)","decl":{"start":{"line":18,"column":2},"end":{"line":18,"column":3}},"loc":{"start":{"line":18,"column":15},"end":{"line":20,"column":3}},"line":18},"3":{"name":"(anonymous_3)","decl":{"start":{"line":23,"column":2},"end":{"line":23,"column":3}},"loc":{"start":{"line":23,"column":14},"end":{"line":25,"column":3}},"line":23},"4":{"name":"(anonymous_4)","decl":{"start":{"line":28,"column":2},"end":{"line":28,"column":3}},"loc":{"start":{"line":28,"column":12},"end":{"line":30,"column":3}},"line":28},"5":{"name":"generateId","decl":{"start":{"line":34,"column":9},"end":{"line":34,"column":19}},"loc":{"start":{"line":34,"column":22},"end":{"line":42,"column":1}},"line":34},"6":{"name":"(anonymous_6)","decl":{"start":{"line":38,"column":29},"end":{"line":38,"column":30}},"loc":{"start":{"line":38,"column":39},"end":{"line":38,"column":46}},"line":38},"7":{"name":"(anonymous_7)","decl":{"start":{"line":45,"column":20},"end":{"line":45,"column":21}},"loc":{"start":{"line":45,"column":32},"end":{"line":73,"column":1}},"line":45},"8":{"name":"(anonymous_8)","decl":{"start":{"line":54,"column":29},"end":{"line":54,"column":30}},"loc":{"start":{"line":54,"column":39},"end":{"line":54,"column":65}},"line":54},"9":{"name":"(anonymous_9)","decl":{"start":{"line":58,"column":26},"end":{"line":58,"column":27}},"loc":{"start":{"line":58,"column":36},"end":{"line":63,"column":7}},"line":58},"10":{"name":"(anonymous_10)","decl":{"start":{"line":67,"column":33},"end":{"line":67,"column":34}},"loc":{"start":{"line":67,"column":43},"end":{"line":67,"column":68}},"line":67}},"branchMap":{"0":{"loc":{"start":{"line":35,"column":2},"end":{"line":37,"column":3}},"type":"if","locations":[{"start":{"line":35,"column":2},"end":{"line":37,"column":3}},{"start":{"line":35,"column":2},"end":{"line":37,"column":3}}],"line":35},"1":{"loc":{"start":{"line":48,"column":2},"end":{"line":72,"column":3}},"type":"switch","locations":[{"start":{"line":49,"column":4},"end":{"line":52,"column":12}},{"start":{"line":53,"column":4},"end":{"line":56,"column":12}},{"start":{"line":57,"column":4},"end":{"line":65,"column":12}},{"start":{"line":66,"column":4},"end":{"line":69,"column":12}},{"start":{"line":70,"column":4},"end":{"line":71,"column":12}}],"line":48},"2":{"loc":{"start":{"line":59,"column":8},"end":{"line":61,"column":9}},"type":"if","locations":[{"start":{"line":59,"column":8},"end":{"line":61,"column":9}},{"start":{"line":59,"column":8},"end":{"line":61,"column":9}}],"line":59}},"s":{"0":1,"1":1,"2":1,"3":0,"4":0,"5":0,"6":0,"7":3,"8":0,"9":0,"10":0,"11":0,"12":0,"13":0,"14":0,"15":1,"16":1,"17":0,"18":0,"19":0,"20":0,"21":0,"22":0,"23":0,"24":0,"25":0,"26":0,"27":0,"28":0,"29":0,"30":0,"31":0,"32":0,"33":0,"34":0,"35":0,"36":0},"f":{"0":0,"1":0,"2":0,"3":0,"4":3,"5":0,"6":0,"7":0,"8":0,"9":0,"10":0},"b":{"0":[0,0],"1":[0,0,0,0,0],"2":[0,0]},"_coverageSchema":"1a1c01bbd47fc00a2c39e90264f33305004495a9","hash":"92d77b48f3d1b87b9e18e491e1d460d14326f491"}
}
