TN:
SF:src/index.jsx
FNF:0
FNH:0
DA:14,0
DA:16,0
LF:2
LH:0
BRF:0
BRH:0
end_of_record
TN:
SF:src/components/Dashboard/dashboard.jsx
FN:9,Dashboard
FN:16,(anonymous_1)
FNF:2
FNH:0
FNDA:0,Dashboard
FNDA:0,(anonymous_1)
DA:10,0
DA:11,0
DA:16,0
LF:3
LH:0
BRF:0
BRH:0
end_of_record
TN:
SF:src/components/Header/Header.jsx
FN:5,Header
FNF:1
FNH:0
FNDA:0,Header
DA:6,0
LF:1
LH:0
BRF:0
BRH:0
end_of_record
TN:
SF:src/components/Hero-Detail/hero-detail.jsx
FN:8,HeroDetail
FN:15,selectedChange
FN:18,nameChange
FN:25,(anonymous_3)
FN:31,(anonymous_4)
FN:34,drawHero
FN:59,(anonymous_6)
FN:66,noHero
FNF:8
FNH:1
FNDA:3,HeroDetail
FNDA:0,selectedChange
FNDA:0,nameChange
FNDA:0,(anonymous_3)
FNDA:0,(anonymous_4)
FNDA:0,drawHero
FNDA:0,(anonymous_6)
FNDA:0,noHero
DA:10,3
DA:11,3
DA:13,2
DA:16,0
DA:19,0
DA:25,0
DA:26,0
DA:28,0
DA:29,0
DA:31,0
DA:35,0
DA:59,0
DA:67,0
DA:70,0
LF:14
LH:3
BRDA:28,0,0,0
BRDA:28,0,1,0
BRDA:70,1,0,0
BRDA:70,1,1,0
BRF:4
BRH:0
end_of_record
TN:
SF:src/components/Heroes-List/heros-list.jsx
FN:8,HeroesList
FN:12,onChanges
FN:16,(anonymous_2)
FN:19,(anonymous_3)
FN:34,(anonymous_4)
FN:42,(anonymous_5)
FN:52,(anonymous_6)
FNF:7
FNH:0
FNDA:0,HeroesList
FNDA:0,onChanges
FNDA:0,(anonymous_2)
FNDA:0,(anonymous_3)
FNDA:0,(anonymous_4)
FNDA:0,(anonymous_5)
FNDA:0,(anonymous_6)
DA:9,0
DA:10,0
DA:13,0
DA:16,0
DA:17,0
DA:19,0
DA:20,0
DA:24,0
DA:34,0
DA:43,0
DA:44,0
DA:53,0
LF:12
LH:0
BRF:0
BRH:0
end_of_record
TN:
SF:src/components/Heroes-List/list-element.jsx
FN:10,ListElement
FN:13,onClickRemove
FN:17,onClickUpdate
FN:29,(anonymous_3)
FNF:4
FNH:0
FNDA:0,ListElement
FNDA:0,onClickRemove
FNDA:0,onClickUpdate
FNDA:0,(anonymous_3)
DA:12,0
DA:14,0
DA:19,0
DA:20,0
DA:22,0
DA:29,0
DA:37,0
LF:7
LH:0
BRF:0
BRH:0
end_of_record
TN:
SF:src/flux/actions/heroActionTypes.js
FNF:0
FNH:0
DA:1,2
LF:1
LH:1
BRF:0
BRH:0
end_of_record
TN:
SF:src/flux/actions/heroActions.js
FN:4,loadHero
FN:11,deleteHeroes
FN:18,updateHero
FNF:3
FNH:3
FNDA:1,loadHero
FNDA:1,deleteHeroes
FNDA:2,updateHero
DA:5,1
DA:12,1
DA:20,2
DA:21,2
LF:4
LH:4
BRDA:22,0,0,1
BRDA:22,0,1,1
BRF:2
BRH:2
end_of_record
TN:
SF:src/flux/dispatcher/dispatcher.js
FNF:0
FNH:0
DA:3,2
LF:1
LH:1
BRF:0
BRH:0
end_of_record
TN:
SF:src/flux/stores/heroStore.js
FN:10,(anonymous_0)
FN:14,(anonymous_1)
FN:18,(anonymous_2)
FN:23,(anonymous_3)
FN:28,(anonymous_4)
FN:34,generateId
FN:38,(anonymous_6)
FN:45,(anonymous_7)
FN:54,(anonymous_8)
FN:58,(anonymous_9)
FN:67,(anonymous_10)
FNF:11
FNH:1
FNDA:0,(anonymous_0)
FNDA:0,(anonymous_1)
FNDA:0,(anonymous_2)
FNDA:0,(anonymous_3)
FNDA:3,(anonymous_4)
FNDA:0,generateId
FNDA:0,(anonymous_6)
FNDA:0,(anonymous_7)
FNDA:0,(anonymous_8)
FNDA:0,(anonymous_9)
FNDA:0,(anonymous_10)
DA:5,1
DA:6,1
DA:8,1
DA:11,0
DA:15,0
DA:19,0
DA:24,0
DA:29,3
DA:35,0
DA:36,0
DA:38,0
DA:39,0
DA:40,0
DA:41,0
DA:43,1
DA:45,1
DA:47,0
DA:48,0
DA:50,0
DA:51,0
DA:52,0
DA:54,0
DA:55,0
DA:56,0
DA:58,0
DA:59,0
DA:60,0
DA:62,0
DA:64,0
DA:65,0
DA:67,0
DA:68,0
DA:69,0
DA:71,0
LF:34
LH:6
BRDA:35,0,0,0
BRDA:35,0,1,0
BRDA:48,1,0,0
BRDA:48,1,1,0
BRDA:48,1,2,0
BRDA:48,1,3,0
BRDA:48,1,4,0
BRDA:59,2,0,0
BRDA:59,2,1,0
BRF:9
BRH:0
end_of_record
