{"/Users/gerard/Documents/skylab-bootcamp-202101/gerard-mangues/challenges/PharmaFullStack/BACKEND/src/controllers/productController/productController.js": {"path":"/Users/gerard/Documents/skylab-bootcamp-202101/gerard-mangues/challenges/PharmaFullStack/BACKEND/src/controllers/productController/productController.js","statementMap":{"0":{"start":{"line":1,"column":16},"end":{"line":1,"column":52}},"1":{"start":{"line":2,"column":0},"end":{"line":2,"column":38}},"2":{"start":{"line":5,"column":22},"end":{"line":15,"column":3}},"3":{"start":{"line":6,"column":18},"end":{"line":6,"column":20}},"4":{"start":{"line":8,"column":4},"end":{"line":14,"column":5}},"5":{"start":{"line":9,"column":23},"end":{"line":9,"column":48}},"6":{"start":{"line":10,"column":6},"end":{"line":10,"column":25}},"7":{"start":{"line":12,"column":6},"end":{"line":12,"column":22}},"8":{"start":{"line":13,"column":6},"end":{"line":13,"column":58}},"9":{"start":{"line":17,"column":24},"end":{"line":22,"column":3}},"10":{"start":{"line":18,"column":23},"end":{"line":18,"column":44}},"11":{"start":{"line":19,"column":4},"end":{"line":19,"column":22}},"12":{"start":{"line":21,"column":4},"end":{"line":21,"column":25}},"13":{"start":{"line":24,"column":21},"end":{"line":34,"column":3}},"14":{"start":{"line":25,"column":26},"end":{"line":25,"column":36}},"15":{"start":{"line":27,"column":4},"end":{"line":33,"column":5}},"16":{"start":{"line":28,"column":22},"end":{"line":28,"column":55}},"17":{"start":{"line":29,"column":6},"end":{"line":29,"column":24}},"18":{"start":{"line":31,"column":6},"end":{"line":31,"column":22}},"19":{"start":{"line":32,"column":6},"end":{"line":32,"column":71}},"20":{"start":{"line":36,"column":24},"end":{"line":46,"column":3}},"21":{"start":{"line":37,"column":15},"end":{"line":37,"column":51}},"22":{"start":{"line":39,"column":4},"end":{"line":45,"column":5}},"23":{"start":{"line":40,"column":29},"end":{"line":40,"column":89}},"24":{"start":{"line":41,"column":6},"end":{"line":41,"column":31}},"25":{"start":{"line":43,"column":6},"end":{"line":43,"column":22}},"26":{"start":{"line":44,"column":6},"end":{"line":44,"column":59}},"27":{"start":{"line":48,"column":24},"end":{"line":57,"column":3}},"28":{"start":{"line":49,"column":15},"end":{"line":49,"column":51}},"29":{"start":{"line":50,"column":4},"end":{"line":56,"column":5}},"30":{"start":{"line":51,"column":29},"end":{"line":51,"column":64}},"31":{"start":{"line":52,"column":6},"end":{"line":52,"column":31}},"32":{"start":{"line":54,"column":6},"end":{"line":54,"column":22}},"33":{"start":{"line":55,"column":6},"end":{"line":55,"column":58}},"34":{"start":{"line":58,"column":2},"end":{"line":64,"column":4}},"35":{"start":{"line":67,"column":0},"end":{"line":67,"column":37}}},"fnMap":{"0":{"name":"productController","decl":{"start":{"line":4,"column":9},"end":{"line":4,"column":26}},"loc":{"start":{"line":4,"column":29},"end":{"line":65,"column":1}},"line":4},"1":{"name":"(anonymous_1)","decl":{"start":{"line":5,"column":22},"end":{"line":5,"column":23}},"loc":{"start":{"line":5,"column":42},"end":{"line":15,"column":3}},"line":5},"2":{"name":"(anonymous_2)","decl":{"start":{"line":17,"column":24},"end":{"line":17,"column":25}},"loc":{"start":{"line":17,"column":38},"end":{"line":22,"column":3}},"line":17},"3":{"name":"(anonymous_3)","decl":{"start":{"line":24,"column":21},"end":{"line":24,"column":22}},"loc":{"start":{"line":24,"column":41},"end":{"line":34,"column":3}},"line":24},"4":{"name":"(anonymous_4)","decl":{"start":{"line":36,"column":24},"end":{"line":36,"column":25}},"loc":{"start":{"line":36,"column":44},"end":{"line":46,"column":3}},"line":36},"5":{"name":"(anonymous_5)","decl":{"start":{"line":48,"column":24},"end":{"line":48,"column":25}},"loc":{"start":{"line":48,"column":44},"end":{"line":57,"column":3}},"line":48}},"branchMap":{"0":{"loc":{"start":{"line":37,"column":15},"end":{"line":37,"column":51}},"type":"binary-expr","locations":[{"start":{"line":37,"column":15},"end":{"line":37,"column":35}},{"start":{"line":37,"column":39},"end":{"line":37,"column":51}}],"line":37},"1":{"loc":{"start":{"line":49,"column":15},"end":{"line":49,"column":51}},"type":"binary-expr","locations":[{"start":{"line":49,"column":15},"end":{"line":49,"column":35}},{"start":{"line":49,"column":39},"end":{"line":49,"column":51}}],"line":49}},"s":{"0":1,"1":1,"2":1,"3":2,"4":2,"5":2,"6":1,"7":1,"8":1,"9":1,"10":1,"11":1,"12":1,"13":1,"14":2,"15":2,"16":2,"17":1,"18":1,"19":1,"20":1,"21":3,"22":3,"23":3,"24":2,"25":1,"26":1,"27":1,"28":3,"29":3,"30":3,"31":2,"32":1,"33":1,"34":1,"35":1},"f":{"0":1,"1":2,"2":1,"3":2,"4":3,"5":3},"b":{"0":[3,1],"1":[3,1]},"_coverageSchema":"1a1c01bbd47fc00a2c39e90264f33305004495a9","hash":"306f89f92e4a18432e3b657f7e98dfc499c45a40"}
,"/Users/gerard/Documents/skylab-bootcamp-202101/gerard-mangues/challenges/PharmaFullStack/BACKEND/src/models/categoryModel.js": {"path":"/Users/gerard/Documents/skylab-bootcamp-202101/gerard-mangues/challenges/PharmaFullStack/BACKEND/src/models/categoryModel.js","statementMap":{"0":{"start":{"line":1,"column":26},"end":{"line":1,"column":45}},"1":{"start":{"line":3,"column":23},"end":{"line":5,"column":2}},"2":{"start":{"line":7,"column":0},"end":{"line":7,"column":51}}},"fnMap":{},"branchMap":{},"s":{"0":1,"1":1,"2":1},"f":{},"b":{},"_coverageSchema":"1a1c01bbd47fc00a2c39e90264f33305004495a9","hash":"c9c8e1d50d7a010a74c95289ba44afbb951c1713"}
,"/Users/gerard/Documents/skylab-bootcamp-202101/gerard-mangues/challenges/PharmaFullStack/BACKEND/src/models/productModel.js": {"path":"/Users/gerard/Documents/skylab-bootcamp-202101/gerard-mangues/challenges/PharmaFullStack/BACKEND/src/models/productModel.js","statementMap":{"0":{"start":{"line":1,"column":26},"end":{"line":1,"column":45}},"1":{"start":{"line":3,"column":22},"end":{"line":8,"column":2}},"2":{"start":{"line":10,"column":0},"end":{"line":10,"column":49}}},"fnMap":{},"branchMap":{},"s":{"0":1,"1":1,"2":1},"f":{},"b":{},"_coverageSchema":"1a1c01bbd47fc00a2c39e90264f33305004495a9","hash":"56b43e64f582304eae84299617831301cd315592"}
}
