TN:
SF:src/controllers/productController/productController.js
FN:4,productController
FN:5,(anonymous_1)
FN:17,(anonymous_2)
FN:24,(anonymous_3)
FN:36,(anonymous_4)
FN:48,(anonymous_5)
FNF:6
FNH:6
FNDA:1,productController
FNDA:2,(anonymous_1)
FNDA:1,(anonymous_2)
FNDA:2,(anonymous_3)
FNDA:3,(anonymous_4)
FNDA:3,(anonymous_5)
DA:1,1
DA:2,1
DA:5,1
DA:6,2
DA:8,2
DA:9,2
DA:10,1
DA:12,1
DA:13,1
DA:17,1
DA:18,1
DA:19,1
DA:21,1
DA:24,1
DA:25,2
DA:27,2
DA:28,2
DA:29,1
DA:31,1
DA:32,1
DA:36,1
DA:37,3
DA:39,3
DA:40,3
DA:41,2
DA:43,1
DA:44,1
DA:48,1
DA:49,3
DA:50,3
DA:51,3
DA:52,2
DA:54,1
DA:55,1
DA:58,1
DA:67,1
LF:36
LH:36
BRDA:37,0,0,3
BRDA:37,0,1,1
BRDA:49,1,0,3
BRDA:49,1,1,1
BRF:4
BRH:4
end_of_record
TN:
SF:src/models/categoryModel.js
FNF:0
FNH:0
DA:1,1
DA:3,1
DA:7,1
LF:3
LH:3
BRF:0
BRH:0
end_of_record
TN:
SF:src/models/productModel.js
FNF:0
FNH:0
DA:1,1
DA:3,1
DA:10,1
LF:3
LH:3
BRF:0
BRH:0
end_of_record
