{"/Users/gerard/Documents/skylab-bootcamp-202101/gerard-mangues/challenges/pokemon/src/pokemon-detail/pokemon-detail.js": {"path":"/Users/gerard/Documents/skylab-bootcamp-202101/gerard-mangues/challenges/pokemon/src/pokemon-detail/pokemon-detail.js","statementMap":{"0":{"start":{"line":2,"column":13},"end":{"line":2,"column":35}},"1":{"start":{"line":3,"column":30},"end":{"line":3,"column":49}},"2":{"start":{"line":4,"column":18},"end":{"line":4,"column":52}},"3":{"start":{"line":5,"column":2},"end":{"line":5,"column":61}},"4":{"start":{"line":7,"column":11},"end":{"line":7,"column":40}},"5":{"start":{"line":8,"column":17},"end":{"line":8,"column":53}},"6":{"start":{"line":9,"column":12},"end":{"line":9,"column":30}},"7":{"start":{"line":12,"column":24},"end":{"line":12,"column":34}},"8":{"start":{"line":13,"column":23},"end":{"line":14,"column":40}},"9":{"start":{"line":14,"column":24},"end":{"line":14,"column":39}},"10":{"start":{"line":15,"column":2},"end":{"line":15,"column":22}},"11":{"start":{"line":19,"column":17},"end":{"line":19,"column":57}},"12":{"start":{"line":21,"column":28},"end":{"line":21,"column":35}},"13":{"start":{"line":22,"column":14},"end":{"line":22,"column":43}},"14":{"start":{"line":23,"column":2},"end":{"line":23,"column":26}},"15":{"start":{"line":25,"column":2},"end":{"line":25,"column":26}},"16":{"start":{"line":26,"column":2},"end":{"line":26,"column":45}},"17":{"start":{"line":30,"column":13},"end":{"line":30,"column":41}},"18":{"start":{"line":31,"column":2},"end":{"line":31,"column":48}},"19":{"start":{"line":33,"column":15},"end":{"line":33,"column":45}},"20":{"start":{"line":34,"column":2},"end":{"line":34,"column":23}},"21":{"start":{"line":37,"column":15},"end":{"line":37,"column":23}},"22":{"start":{"line":38,"column":2},"end":{"line":67,"column":3}},"23":{"start":{"line":41,"column":6},"end":{"line":41,"column":56}},"24":{"start":{"line":42,"column":6},"end":{"line":42,"column":12}},"25":{"start":{"line":44,"column":6},"end":{"line":44,"column":54}},"26":{"start":{"line":45,"column":6},"end":{"line":45,"column":12}},"27":{"start":{"line":47,"column":6},"end":{"line":47,"column":55}},"28":{"start":{"line":48,"column":6},"end":{"line":48,"column":12}},"29":{"start":{"line":50,"column":6},"end":{"line":50,"column":55}},"30":{"start":{"line":51,"column":6},"end":{"line":51,"column":12}},"31":{"start":{"line":54,"column":6},"end":{"line":54,"column":55}},"32":{"start":{"line":55,"column":6},"end":{"line":55,"column":12}},"33":{"start":{"line":57,"column":6},"end":{"line":57,"column":55}},"34":{"start":{"line":58,"column":6},"end":{"line":58,"column":12}},"35":{"start":{"line":60,"column":6},"end":{"line":60,"column":45}},"36":{"start":{"line":61,"column":6},"end":{"line":61,"column":33}},"37":{"start":{"line":62,"column":6},"end":{"line":62,"column":44}},"38":{"start":{"line":63,"column":6},"end":{"line":63,"column":12}},"39":{"start":{"line":66,"column":6},"end":{"line":66,"column":57}},"40":{"start":{"line":71,"column":2},"end":{"line":75,"column":3}},"41":{"start":{"line":72,"column":4},"end":{"line":72,"column":39}},"42":{"start":{"line":73,"column":4},"end":{"line":73,"column":15}},"43":{"start":{"line":74,"column":4},"end":{"line":74,"column":80}},"44":{"start":{"line":74,"column":23},"end":{"line":74,"column":66}},"45":{"start":{"line":78,"column":19},"end":{"line":78,"column":51}},"46":{"start":{"line":79,"column":2},"end":{"line":87,"column":3}},"47":{"start":{"line":79,"column":15},"end":{"line":79,"column":16}},"48":{"start":{"line":80,"column":17},"end":{"line":80,"column":47}},"49":{"start":{"line":81,"column":21},"end":{"line":81,"column":29}},"50":{"start":{"line":82,"column":21},"end":{"line":82,"column":25}},"51":{"start":{"line":83,"column":4},"end":{"line":83,"column":26}},"52":{"start":{"line":84,"column":4},"end":{"line":84,"column":32}},"53":{"start":{"line":85,"column":4},"end":{"line":85,"column":32}},"54":{"start":{"line":86,"column":4},"end":{"line":86,"column":26}},"55":{"start":{"line":91,"column":18},"end":{"line":91,"column":45}},"56":{"start":{"line":92,"column":2},"end":{"line":92,"column":31}},"57":{"start":{"line":93,"column":24},"end":{"line":93,"column":43}},"58":{"start":{"line":94,"column":2},"end":{"line":94,"column":43}},"59":{"start":{"line":96,"column":18},"end":{"line":96,"column":45}},"60":{"start":{"line":97,"column":2},"end":{"line":97,"column":31}},"61":{"start":{"line":98,"column":24},"end":{"line":98,"column":43}},"62":{"start":{"line":99,"column":2},"end":{"line":99,"column":43}},"63":{"start":{"line":101,"column":14},"end":{"line":101,"column":52}},"64":{"start":{"line":102,"column":2},"end":{"line":102,"column":27}},"65":{"start":{"line":103,"column":2},"end":{"line":103,"column":27}},"66":{"start":{"line":107,"column":18},"end":{"line":107,"column":40}},"67":{"start":{"line":108,"column":18},"end":{"line":108,"column":40}},"68":{"start":{"line":109,"column":21},"end":{"line":109,"column":63}},"69":{"start":{"line":110,"column":2},"end":{"line":110,"column":64}},"70":{"start":{"line":112,"column":25},"end":{"line":112,"column":67}},"71":{"start":{"line":113,"column":2},"end":{"line":113,"column":68}},"72":{"start":{"line":117,"column":2},"end":{"line":117,"column":29}},"73":{"start":{"line":118,"column":2},"end":{"line":118,"column":27}},"74":{"start":{"line":119,"column":2},"end":{"line":119,"column":28}},"75":{"start":{"line":120,"column":2},"end":{"line":120,"column":27}},"76":{"start":{"line":121,"column":2},"end":{"line":121,"column":23}},"77":{"start":{"line":125,"column":17},"end":{"line":125,"column":57}},"78":{"start":{"line":126,"column":2},"end":{"line":126,"column":24}},"79":{"start":{"line":128,"column":13},"end":{"line":128,"column":41}},"80":{"start":{"line":129,"column":2},"end":{"line":129,"column":14}},"81":{"start":{"line":131,"column":19},"end":{"line":131,"column":51}},"82":{"start":{"line":132,"column":2},"end":{"line":132,"column":26}},"83":{"start":{"line":134,"column":21},"end":{"line":134,"column":59}},"84":{"start":{"line":135,"column":2},"end":{"line":135,"column":28}},"85":{"start":{"line":137,"column":12},"end":{"line":137,"column":13}},"86":{"start":{"line":139,"column":2},"end":{"line":141,"column":3}},"87":{"start":{"line":140,"column":4},"end":{"line":140,"column":16}},"88":{"start":{"line":142,"column":2},"end":{"line":142,"column":13}},"89":{"start":{"line":144,"column":2},"end":{"line":147,"column":7}},"90":{"start":{"line":146,"column":6},"end":{"line":146,"column":30}},"91":{"start":{"line":150,"column":0},"end":{"line":158,"column":2}}},"fnMap":{"0":{"name":"parseIdFromLocation","decl":{"start":{"line":1,"column":9},"end":{"line":1,"column":28}},"loc":{"start":{"line":1,"column":46},"end":{"line":6,"column":1}},"line":1},"1":{"name":"getPokeInfo","decl":{"start":{"line":11,"column":9},"end":{"line":11,"column":20}},"loc":{"start":{"line":11,"column":26},"end":{"line":16,"column":1}},"line":11},"2":{"name":"(anonymous_2)","decl":{"start":{"line":14,"column":10},"end":{"line":14,"column":11}},"loc":{"start":{"line":14,"column":24},"end":{"line":14,"column":39}},"line":14},"3":{"name":"drawPokemonSprite","decl":{"start":{"line":18,"column":9},"end":{"line":18,"column":26}},"loc":{"start":{"line":18,"column":40},"end":{"line":27,"column":1}},"line":18},"4":{"name":"drawPokemonName","decl":{"start":{"line":29,"column":9},"end":{"line":29,"column":24}},"loc":{"start":{"line":29,"column":39},"end":{"line":35,"column":1}},"line":29},"5":{"name":"changeTypeColor","decl":{"start":{"line":36,"column":9},"end":{"line":36,"column":24}},"loc":{"start":{"line":36,"column":41},"end":{"line":68,"column":1}},"line":36},"6":{"name":"showText","decl":{"start":{"line":70,"column":9},"end":{"line":70,"column":17}},"loc":{"start":{"line":70,"column":52},"end":{"line":76,"column":1}},"line":70},"7":{"name":"(anonymous_7)","decl":{"start":{"line":74,"column":15},"end":{"line":74,"column":16}},"loc":{"start":{"line":74,"column":21},"end":{"line":74,"column":68}},"line":74},"8":{"name":"drawPokemonTypes","decl":{"start":{"line":77,"column":9},"end":{"line":77,"column":25}},"loc":{"start":{"line":77,"column":37},"end":{"line":88,"column":1}},"line":77},"9":{"name":"drawPokemonInfo","decl":{"start":{"line":90,"column":9},"end":{"line":90,"column":24}},"loc":{"start":{"line":90,"column":45},"end":{"line":104,"column":1}},"line":90},"10":{"name":"drawButtons","decl":{"start":{"line":106,"column":9},"end":{"line":106,"column":20}},"loc":{"start":{"line":106,"column":29},"end":{"line":114,"column":1}},"line":106},"11":{"name":"drawPokemondetail","decl":{"start":{"line":116,"column":9},"end":{"line":116,"column":26}},"loc":{"start":{"line":116,"column":36},"end":{"line":122,"column":1}},"line":116},"12":{"name":"clearPage","decl":{"start":{"line":124,"column":9},"end":{"line":124,"column":18}},"loc":{"start":{"line":124,"column":21},"end":{"line":136,"column":1}},"line":124},"13":{"name":"drawAsync","decl":{"start":{"line":138,"column":9},"end":{"line":138,"column":18}},"loc":{"start":{"line":138,"column":24},"end":{"line":148,"column":1}},"line":138},"14":{"name":"(anonymous_14)","decl":{"start":{"line":145,"column":10},"end":{"line":145,"column":11}},"loc":{"start":{"line":145,"column":20},"end":{"line":147,"column":5}},"line":145}},"branchMap":{"0":{"loc":{"start":{"line":5,"column":9},"end":{"line":5,"column":60}},"type":"cond-expr","locations":[{"start":{"line":5,"column":19},"end":{"line":5,"column":53}},{"start":{"line":5,"column":56},"end":{"line":5,"column":60}}],"line":5},"1":{"loc":{"start":{"line":38,"column":2},"end":{"line":67,"column":3}},"type":"switch","locations":[{"start":{"line":39,"column":4},"end":{"line":39,"column":18}},{"start":{"line":40,"column":4},"end":{"line":42,"column":12}},{"start":{"line":43,"column":4},"end":{"line":45,"column":12}},{"start":{"line":46,"column":4},"end":{"line":48,"column":12}},{"start":{"line":49,"column":4},"end":{"line":51,"column":12}},{"start":{"line":52,"column":4},"end":{"line":52,"column":15}},{"start":{"line":53,"column":4},"end":{"line":55,"column":12}},{"start":{"line":56,"column":4},"end":{"line":58,"column":12}},{"start":{"line":59,"column":4},"end":{"line":63,"column":12}},{"start":{"line":65,"column":4},"end":{"line":66,"column":57}}],"line":38},"2":{"loc":{"start":{"line":71,"column":2},"end":{"line":75,"column":3}},"type":"if","locations":[{"start":{"line":71,"column":2},"end":{"line":75,"column":3}},{"start":{"line":71,"column":2},"end":{"line":75,"column":3}}],"line":71},"3":{"loc":{"start":{"line":139,"column":2},"end":{"line":141,"column":3}},"type":"if","locations":[{"start":{"line":139,"column":2},"end":{"line":141,"column":3}},{"start":{"line":139,"column":2},"end":{"line":141,"column":3}}],"line":139}},"s":{"0":2,"1":2,"2":2,"3":2,"4":1,"5":1,"6":1,"7":1,"8":1,"9":1,"10":1,"11":1,"12":1,"13":1,"14":1,"15":1,"16":1,"17":1,"18":1,"19":1,"20":1,"21":2,"22":2,"23":0,"24":0,"25":2,"26":2,"27":0,"28":0,"29":0,"30":0,"31":0,"32":0,"33":0,"34":0,"35":0,"36":0,"37":0,"38":0,"39":0,"40":3,"41":3,"42":3,"43":3,"44":0,"45":2,"46":2,"47":2,"48":2,"49":2,"50":2,"51":2,"52":2,"53":2,"54":2,"55":1,"56":1,"57":1,"58":1,"59":1,"60":1,"61":1,"62":1,"63":1,"64":1,"65":1,"66":0,"67":0,"68":0,"69":0,"70":0,"71":0,"72":0,"73":0,"74":0,"75":0,"76":0,"77":0,"78":0,"79":0,"80":0,"81":0,"82":0,"83":0,"84":0,"85":1,"86":0,"87":0,"88":0,"89":0,"90":0,"91":1},"f":{"0":2,"1":1,"2":1,"3":1,"4":1,"5":2,"6":3,"7":0,"8":2,"9":1,"10":0,"11":0,"12":0,"13":0,"14":0},"b":{"0":[1,1],"1":[0,0,2,0,0,0,0,0,0,0],"2":[3,0],"3":[0,0]},"_coverageSchema":"1a1c01bbd47fc00a2c39e90264f33305004495a9","hash":"21f20ceeccf5717ed747ec54ec10dfaa22a43f8a"}
}
