TN:
SF:src/pokemon-detail/pokemon-detail.js
FN:1,parseIdFromLocation
FN:11,getPokeInfo
FN:14,(anonymous_2)
FN:18,drawPokemonSprite
FN:29,drawPokemonName
FN:36,changeTypeColor
FN:70,showText
FN:74,(anonymous_7)
FN:77,drawPokemonTypes
FN:90,drawPokemonInfo
FN:106,drawButtons
FN:116,drawPokemondetail
FN:124,clearPage
FN:138,drawAsync
FN:145,(anonymous_14)
FNF:15
FNH:9
FNDA:2,parseIdFromLocation
FNDA:1,getPokeInfo
FNDA:1,(anonymous_2)
FNDA:1,drawPokemonSprite
FNDA:1,drawPokemonName
FNDA:2,changeTypeColor
FNDA:3,showText
FNDA:0,(anonymous_7)
FNDA:2,drawPokemonTypes
FNDA:1,drawPokemonInfo
FNDA:0,drawButtons
FNDA:0,drawPokemondetail
FNDA:0,clearPage
FNDA:0,drawAsync
FNDA:0,(anonymous_14)
DA:2,2
DA:3,2
DA:4,2
DA:5,2
DA:7,1
DA:8,1
DA:9,1
DA:12,1
DA:13,1
DA:14,1
DA:15,1
DA:19,1
DA:21,1
DA:22,1
DA:23,1
DA:25,1
DA:26,1
DA:30,1
DA:31,1
DA:33,1
DA:34,1
DA:37,2
DA:38,2
DA:41,0
DA:42,0
DA:44,2
DA:45,2
DA:47,0
DA:48,0
DA:50,0
DA:51,0
DA:54,0
DA:55,0
DA:57,0
DA:58,0
DA:60,0
DA:61,0
DA:62,0
DA:63,0
DA:66,0
DA:71,3
DA:72,3
DA:73,3
DA:74,3
DA:78,2
DA:79,2
DA:80,2
DA:81,2
DA:82,2
DA:83,2
DA:84,2
DA:85,2
DA:86,2
DA:91,1
DA:92,1
DA:93,1
DA:94,1
DA:96,1
DA:97,1
DA:98,1
DA:99,1
DA:101,1
DA:102,1
DA:103,1
DA:107,0
DA:108,0
DA:109,0
DA:110,0
DA:112,0
DA:113,0
DA:117,0
DA:118,0
DA:119,0
DA:120,0
DA:121,0
DA:125,0
DA:126,0
DA:128,0
DA:129,0
DA:131,0
DA:132,0
DA:134,0
DA:135,0
DA:137,1
DA:139,0
DA:140,0
DA:142,0
DA:144,0
DA:146,0
DA:150,1
LF:90
LH:51
BRDA:5,0,0,1
BRDA:5,0,1,1
BRDA:38,1,0,0
BRDA:38,1,1,0
BRDA:38,1,2,2
BRDA:38,1,3,0
BRDA:38,1,4,0
BRDA:38,1,5,0
BRDA:38,1,6,0
BRDA:38,1,7,0
BRDA:38,1,8,0
BRDA:38,1,9,0
BRDA:71,2,0,3
BRDA:71,2,1,0
BRDA:139,3,0,0
BRDA:139,3,1,0
BRF:16
BRH:4
end_of_record
