{"/Users/gerard/Documents/skylab-bootcamp-202101/gerard-mangues/challenges/books/src/book-detail/book-detail.js": {"path":"/Users/gerard/Documents/skylab-bootcamp-202101/gerard-mangues/challenges/books/src/book-detail/book-detail.js","statementMap":{"0":{"start":{"line":3,"column":17},"end":{"line":3,"column":63}},"1":{"start":{"line":6,"column":21},"end":{"line":6,"column":36}},"2":{"start":{"line":8,"column":30},"end":{"line":8,"column":53}},"3":{"start":{"line":9,"column":18},"end":{"line":9,"column":48}},"4":{"start":{"line":10,"column":13},"end":{"line":10,"column":23}},"5":{"start":{"line":12,"column":2},"end":{"line":12,"column":12}},"6":{"start":{"line":15,"column":11},"end":{"line":15,"column":40}},"7":{"start":{"line":16,"column":20},"end":{"line":16,"column":38}},"8":{"start":{"line":19,"column":12},"end":{"line":19,"column":39}},"9":{"start":{"line":20,"column":2},"end":{"line":20,"column":28}},"10":{"start":{"line":21,"column":2},"end":{"line":21,"column":29}},"11":{"start":{"line":24,"column":13},"end":{"line":24,"column":41}},"12":{"start":{"line":25,"column":2},"end":{"line":25,"column":20}},"13":{"start":{"line":26,"column":2},"end":{"line":26,"column":29}},"14":{"start":{"line":27,"column":2},"end":{"line":29,"column":5}},"15":{"start":{"line":28,"column":4},"end":{"line":28,"column":33}},"16":{"start":{"line":30,"column":2},"end":{"line":30,"column":30}},"17":{"start":{"line":34,"column":13},"end":{"line":34,"column":41}},"18":{"start":{"line":35,"column":2},"end":{"line":35,"column":31}},"19":{"start":{"line":36,"column":2},"end":{"line":36,"column":28}},"20":{"start":{"line":37,"column":2},"end":{"line":37,"column":30}},"21":{"start":{"line":41,"column":13},"end":{"line":41,"column":41}},"22":{"start":{"line":42,"column":2},"end":{"line":42,"column":44}},"23":{"start":{"line":43,"column":2},"end":{"line":43,"column":30}},"24":{"start":{"line":47,"column":13},"end":{"line":47,"column":41}},"25":{"start":{"line":48,"column":2},"end":{"line":48,"column":30}},"26":{"start":{"line":49,"column":2},"end":{"line":49,"column":35}},"27":{"start":{"line":50,"column":2},"end":{"line":50,"column":39}},"28":{"start":{"line":51,"column":2},"end":{"line":51,"column":39}},"29":{"start":{"line":55,"column":25},"end":{"line":55,"column":37}},"30":{"start":{"line":56,"column":20},"end":{"line":56,"column":30}},"31":{"start":{"line":57,"column":17},"end":{"line":57,"column":49}},"32":{"start":{"line":58,"column":2},"end":{"line":58,"column":35}},"33":{"start":{"line":60,"column":25},"end":{"line":60,"column":35}},"34":{"start":{"line":61,"column":20},"end":{"line":61,"column":30}},"35":{"start":{"line":62,"column":15},"end":{"line":62,"column":45}},"36":{"start":{"line":63,"column":2},"end":{"line":63,"column":40}},"37":{"start":{"line":64,"column":2},"end":{"line":64,"column":37}},"38":{"start":{"line":65,"column":2},"end":{"line":65,"column":44}},"39":{"start":{"line":68,"column":0},"end":{"line":70,"column":2}}},"fnMap":{"0":{"name":"parseIdFromLocation","decl":{"start":{"line":5,"column":9},"end":{"line":5,"column":28}},"loc":{"start":{"line":5,"column":46},"end":{"line":13,"column":1}},"line":5},"1":{"name":"drawMagazineDescription","decl":{"start":{"line":18,"column":9},"end":{"line":18,"column":32}},"loc":{"start":{"line":18,"column":63},"end":{"line":22,"column":1}},"line":18},"2":{"name":"drawMagazineAuthors","decl":{"start":{"line":23,"column":9},"end":{"line":23,"column":28}},"loc":{"start":{"line":23,"column":51},"end":{"line":31,"column":1}},"line":23},"3":{"name":"(anonymous_3)","decl":{"start":{"line":27,"column":18},"end":{"line":27,"column":19}},"loc":{"start":{"line":27,"column":30},"end":{"line":29,"column":3}},"line":27},"4":{"name":"drawMagazinePublisher","decl":{"start":{"line":33,"column":9},"end":{"line":33,"column":30}},"loc":{"start":{"line":33,"column":55},"end":{"line":38,"column":1}},"line":33},"5":{"name":"drawMagazinePageCount","decl":{"start":{"line":40,"column":9},"end":{"line":40,"column":30}},"loc":{"start":{"line":40,"column":55},"end":{"line":44,"column":1}},"line":40},"6":{"name":"drawMagazineInfo","decl":{"start":{"line":46,"column":9},"end":{"line":46,"column":25}},"loc":{"start":{"line":46,"column":74},"end":{"line":52,"column":1}},"line":46},"7":{"name":"drawMagazineDetail","decl":{"start":{"line":54,"column":9},"end":{"line":54,"column":27}},"loc":{"start":{"line":54,"column":42},"end":{"line":66,"column":1}},"line":54}},"branchMap":{},"s":{"0":1,"1":2,"2":2,"3":2,"4":2,"5":2,"6":1,"7":1,"8":1,"9":1,"10":1,"11":1,"12":1,"13":1,"14":1,"15":2,"16":1,"17":1,"18":1,"19":1,"20":1,"21":0,"22":0,"23":0,"24":0,"25":0,"26":0,"27":0,"28":0,"29":0,"30":0,"31":0,"32":0,"33":0,"34":0,"35":0,"36":0,"37":0,"38":0,"39":1},"f":{"0":2,"1":1,"2":1,"3":2,"4":1,"5":0,"6":0,"7":0},"b":{},"_coverageSchema":"1a1c01bbd47fc00a2c39e90264f33305004495a9","hash":"d36882490479d973fd0819b3cf47efeb6e4147c8"}
,"/Users/gerard/Documents/skylab-bootcamp-202101/gerard-mangues/challenges/books/src/books-list/books-list.js": {"path":"/Users/gerard/Documents/skylab-bootcamp-202101/gerard-mangues/challenges/books/src/books-list/books-list.js","statementMap":{"0":{"start":{"line":3,"column":21},"end":{"line":3,"column":93}},"1":{"start":{"line":6,"column":13},"end":{"line":6,"column":41}},"2":{"start":{"line":7,"column":2},"end":{"line":25,"column":5}},"3":{"start":{"line":8,"column":15},"end":{"line":8,"column":43}},"4":{"start":{"line":9,"column":4},"end":{"line":9,"column":30}},"5":{"start":{"line":11,"column":19},"end":{"line":11,"column":27}},"6":{"start":{"line":12,"column":19},"end":{"line":12,"column":30}},"7":{"start":{"line":13,"column":22},"end":{"line":13,"column":55}},"8":{"start":{"line":14,"column":14},"end":{"line":14,"column":41}},"9":{"start":{"line":15,"column":4},"end":{"line":15,"column":37}},"10":{"start":{"line":17,"column":4},"end":{"line":17,"column":22}},"11":{"start":{"line":18,"column":4},"end":{"line":18,"column":23}},"12":{"start":{"line":20,"column":27},"end":{"line":20,"column":35}},"13":{"start":{"line":21,"column":34},"end":{"line":21,"column":44}},"14":{"start":{"line":22,"column":26},"end":{"line":22,"column":36}},"15":{"start":{"line":23,"column":4},"end":{"line":23,"column":32}},"16":{"start":{"line":24,"column":4},"end":{"line":24,"column":43}},"17":{"start":{"line":28,"column":0},"end":{"line":30,"column":2}}},"fnMap":{"0":{"name":"drawMagazineList","decl":{"start":{"line":5,"column":9},"end":{"line":5,"column":25}},"loc":{"start":{"line":5,"column":37},"end":{"line":26,"column":1}},"line":5},"1":{"name":"(anonymous_1)","decl":{"start":{"line":7,"column":16},"end":{"line":7,"column":17}},"loc":{"start":{"line":7,"column":30},"end":{"line":25,"column":3}},"line":7}},"branchMap":{},"s":{"0":1,"1":1,"2":1,"3":1,"4":1,"5":1,"6":1,"7":1,"8":1,"9":1,"10":1,"11":1,"12":1,"13":1,"14":1,"15":1,"16":0,"17":1},"f":{"0":1,"1":1},"b":{},"_coverageSchema":"1a1c01bbd47fc00a2c39e90264f33305004495a9","hash":"cfb028731f734d94977ca4c802a023ccff4ae1b8"}
,"/Users/gerard/Documents/skylab-bootcamp-202101/gerard-mangues/challenges/books/src/shared/shared.js": {"path":"/Users/gerard/Documents/skylab-bootcamp-202101/gerard-mangues/challenges/books/src/shared/shared.js","statementMap":{"0":{"start":{"line":2,"column":24},"end":{"line":2,"column":34}},"1":{"start":{"line":3,"column":23},"end":{"line":4,"column":40}},"2":{"start":{"line":4,"column":24},"end":{"line":4,"column":39}},"3":{"start":{"line":5,"column":2},"end":{"line":5,"column":22}},"4":{"start":{"line":8,"column":14},"end":{"line":8,"column":43}},"5":{"start":{"line":9,"column":2},"end":{"line":9,"column":18}},"6":{"start":{"line":10,"column":2},"end":{"line":10,"column":22}},"7":{"start":{"line":11,"column":2},"end":{"line":11,"column":26}},"8":{"start":{"line":13,"column":2},"end":{"line":13,"column":28}},"9":{"start":{"line":17,"column":13},"end":{"line":17,"column":41}},"10":{"start":{"line":18,"column":2},"end":{"line":18,"column":27}},"11":{"start":{"line":19,"column":2},"end":{"line":19,"column":27}},"12":{"start":{"line":22,"column":0},"end":{"line":22,"column":67}}},"fnMap":{"0":{"name":"getInfo","decl":{"start":{"line":1,"column":9},"end":{"line":1,"column":16}},"loc":{"start":{"line":1,"column":22},"end":{"line":6,"column":1}},"line":1},"1":{"name":"(anonymous_1)","decl":{"start":{"line":4,"column":10},"end":{"line":4,"column":11}},"loc":{"start":{"line":4,"column":24},"end":{"line":4,"column":39}},"line":4},"2":{"name":"drawMagazineCover","decl":{"start":{"line":7,"column":9},"end":{"line":7,"column":26}},"loc":{"start":{"line":7,"column":55},"end":{"line":14,"column":1}},"line":7},"3":{"name":"drawMagazineTitle","decl":{"start":{"line":16,"column":9},"end":{"line":16,"column":26}},"loc":{"start":{"line":16,"column":48},"end":{"line":20,"column":1}},"line":16}},"branchMap":{},"s":{"0":1,"1":1,"2":1,"3":1,"4":1,"5":1,"6":1,"7":1,"8":1,"9":1,"10":1,"11":1,"12":1},"f":{"0":1,"1":1,"2":1,"3":1},"b":{},"_coverageSchema":"1a1c01bbd47fc00a2c39e90264f33305004495a9","hash":"9d9aa691e97973927bada770daeea378c63ca4dc"}
}
