TN:
SF:src/book-detail/book-detail.js
FN:5,parseIdFromLocation
FN:18,drawMagazineDescription
FN:23,drawMagazineAuthors
FN:27,(anonymous_3)
FN:33,drawMagazinePublisher
FN:40,drawMagazinePageCount
FN:46,drawMagazineInfo
FN:54,drawMagazineDetail
FNF:8
FNH:5
FNDA:2,parseIdFromLocation
FNDA:1,drawMagazineDescription
FNDA:1,drawMagazineAuthors
FNDA:2,(anonymous_3)
FNDA:1,drawMagazinePublisher
FNDA:0,drawMagazinePageCount
FNDA:0,drawMagazineInfo
FNDA:0,drawMagazineDetail
DA:3,1
DA:6,2
DA:8,2
DA:9,2
DA:10,2
DA:12,2
DA:15,1
DA:16,1
DA:19,1
DA:20,1
DA:21,1
DA:24,1
DA:25,1
DA:26,1
DA:27,1
DA:28,2
DA:30,1
DA:34,1
DA:35,1
DA:36,1
DA:37,1
DA:41,0
DA:42,0
DA:43,0
DA:47,0
DA:48,0
DA:49,0
DA:50,0
DA:51,0
DA:55,0
DA:56,0
DA:57,0
DA:58,0
DA:60,0
DA:61,0
DA:62,0
DA:63,0
DA:64,0
DA:65,0
DA:68,1
LF:40
LH:22
BRF:0
BRH:0
end_of_record
TN:
SF:src/books-list/books-list.js
FN:5,drawMagazineList
FN:7,(anonymous_1)
FNF:2
FNH:2
FNDA:1,drawMagazineList
FNDA:1,(anonymous_1)
DA:3,1
DA:6,1
DA:7,1
DA:8,1
DA:9,1
DA:11,1
DA:12,1
DA:13,1
DA:14,1
DA:15,1
DA:17,1
DA:18,1
DA:20,1
DA:21,1
DA:22,1
DA:23,1
DA:24,0
DA:28,1
LF:18
LH:17
BRF:0
BRH:0
end_of_record
TN:
SF:src/shared/shared.js
FN:1,getInfo
FN:4,(anonymous_1)
FN:7,drawMagazineCover
FN:16,drawMagazineTitle
FNF:4
FNH:4
FNDA:1,getInfo
FNDA:1,(anonymous_1)
FNDA:1,drawMagazineCover
FNDA:1,drawMagazineTitle
DA:2,1
DA:3,1
DA:4,1
DA:5,1
DA:8,1
DA:9,1
DA:10,1
DA:11,1
DA:13,1
DA:17,1
DA:18,1
DA:19,1
DA:22,1
LF:13
LH:13
BRF:0
BRH:0
end_of_record
