<?xml version="1.0" encoding="UTF-8"?>
<coverage generated="1613552009529" clover="3.2.0">
  <project timestamp="1613552009529" name="All files">
    <metrics statements="50" coveredstatements="19" conditionals="26" coveredconditionals="10" methods="23" coveredmethods="7" elements="99" coveredelements="36" complexity="0" loc="50" ncloc="50" packages="6" files="11" classes="11"/>
    <package name="src">
      <metrics statements="2" coveredstatements="0" conditionals="0" coveredconditionals="0" methods="1" coveredmethods="0"/>
      <file name="App.jsx" path="/Users/gerard/Documents/skylab-bootcamp-202101/gerard-mangues/challenges/pokemonRedux/pokemon/src/App.jsx">
        <metrics statements="1" coveredstatements="0" conditionals="0" coveredconditionals="0" methods="1" coveredmethods="0"/>
        <line num="9" count="0" type="stmt"/>
      </file>
      <file name="index.jsx" path="/Users/gerard/Documents/skylab-bootcamp-202101/gerard-mangues/challenges/pokemonRedux/pokemon/src/index.jsx">
        <metrics statements="1" coveredstatements="0" conditionals="0" coveredconditionals="0" methods="0" coveredmethods="0"/>
        <line num="5" count="0" type="stmt"/>
      </file>
    </package>
    <package name="src.components.PokeDetail">
      <metrics statements="10" coveredstatements="0" conditionals="0" coveredconditionals="0" methods="4" coveredmethods="0"/>
      <file name="PokeDetail.jsx" path="/Users/gerard/Documents/skylab-bootcamp-202101/gerard-mangues/challenges/pokemonRedux/pokemon/src/components/PokeDetail/PokeDetail.jsx">
        <metrics statements="10" coveredstatements="0" conditionals="0" coveredconditionals="0" methods="4" coveredmethods="0"/>
        <line num="16" count="0" type="stmt"/>
        <line num="17" count="0" type="stmt"/>
        <line num="18" count="0" type="stmt"/>
        <line num="20" count="0" type="stmt"/>
        <line num="21" count="0" type="stmt"/>
        <line num="22" count="0" type="stmt"/>
        <line num="24" count="0" type="stmt"/>
        <line num="35" count="0" type="stmt"/>
        <line num="39" count="0" type="stmt"/>
        <line num="44" count="0" type="stmt"/>
      </file>
    </package>
    <package name="src.components.PokeList">
      <metrics statements="14" coveredstatements="9" conditionals="4" coveredconditionals="3" methods="9" coveredmethods="4"/>
      <file name="PokeList.jsx" path="/Users/gerard/Documents/skylab-bootcamp-202101/gerard-mangues/challenges/pokemonRedux/pokemon/src/components/PokeList/PokeList.jsx">
        <metrics statements="14" coveredstatements="9" conditionals="4" coveredconditionals="3" methods="9" coveredmethods="4"/>
        <line num="9" count="2" type="stmt"/>
        <line num="11" count="2" type="stmt"/>
        <line num="13" count="2" type="stmt"/>
        <line num="15" count="2" type="stmt"/>
        <line num="16" count="2" type="cond" truecount="1" falsecount="1"/>
        <line num="19" count="2" type="stmt"/>
        <line num="24" count="0" type="stmt"/>
        <line num="26" count="0" type="stmt"/>
        <line num="29" count="0" type="stmt"/>
        <line num="35" count="0" type="stmt"/>
        <line num="36" count="0" type="stmt"/>
        <line num="44" count="1" type="stmt"/>
        <line num="55" count="2" type="stmt"/>
        <line num="59" count="2" type="stmt"/>
      </file>
    </package>
    <package name="src.redux.actions">
      <metrics statements="8" coveredstatements="1" conditionals="3" coveredconditionals="0" methods="4" coveredmethods="0"/>
      <file name="pokeActions.js" path="/Users/gerard/Documents/skylab-bootcamp-202101/gerard-mangues/challenges/pokemonRedux/pokemon/src/redux/actions/pokeActions.js">
        <metrics statements="7" coveredstatements="0" conditionals="3" coveredconditionals="0" methods="4" coveredmethods="0"/>
        <line num="6" count="0" type="stmt"/>
        <line num="7" count="0" type="stmt"/>
        <line num="8" count="0" type="stmt"/>
        <line num="9" count="0" type="stmt"/>
        <line num="14" count="0" type="stmt"/>
        <line num="19" count="0" type="stmt"/>
        <line num="26" count="0" type="cond" truecount="0" falsecount="2"/>
      </file>
      <file name="pokeActionsTypes.js" path="/Users/gerard/Documents/skylab-bootcamp-202101/gerard-mangues/challenges/pokemonRedux/pokemon/src/redux/actions/pokeActionsTypes.js">
        <metrics statements="1" coveredstatements="1" conditionals="0" coveredconditionals="0" methods="0" coveredmethods="0"/>
        <line num="1" count="2" type="stmt"/>
      </file>
    </package>
    <package name="src.redux.reducers">
      <metrics statements="13" coveredstatements="6" conditionals="17" coveredconditionals="5" methods="4" coveredmethods="2"/>
      <file name="index.js" path="/Users/gerard/Documents/skylab-bootcamp-202101/gerard-mangues/challenges/pokemonRedux/pokemon/src/redux/reducers/index.js">
        <metrics statements="1" coveredstatements="1" conditionals="0" coveredconditionals="0" methods="0" coveredmethods="0"/>
        <line num="5" count="1" type="stmt"/>
      </file>
      <file name="pokemonReducer.js" path="/Users/gerard/Documents/skylab-bootcamp-202101/gerard-mangues/challenges/pokemonRedux/pokemon/src/redux/reducers/pokemonReducer.js">
        <metrics statements="2" coveredstatements="2" conditionals="5" coveredconditionals="3" methods="1" coveredmethods="1"/>
        <line num="5" count="5" type="stmt"/>
        <line num="6" count="5" type="cond" truecount="2" falsecount="2"/>
      </file>
      <file name="pokemonsReducer.js" path="/Users/gerard/Documents/skylab-bootcamp-202101/gerard-mangues/challenges/pokemonRedux/pokemon/src/redux/reducers/pokemonsReducer.js">
        <metrics statements="10" coveredstatements="3" conditionals="12" coveredconditionals="2" methods="3" coveredmethods="1"/>
        <line num="5" count="5" type="stmt"/>
        <line num="6" count="5" type="cond" truecount="1" falsecount="4"/>
        <line num="8" count="0" type="cond" truecount="0" falsecount="2"/>
        <line num="10" count="0" type="stmt"/>
        <line num="13" count="0" type="stmt"/>
        <line num="14" count="0" type="cond" truecount="0" falsecount="2"/>
        <line num="16" count="0" type="stmt"/>
        <line num="18" count="0" type="stmt"/>
        <line num="21" count="0" type="cond" truecount="0" falsecount="2"/>
        <line num="24" count="5" type="stmt"/>
      </file>
    </package>
    <package name="src.redux.store">
      <metrics statements="3" coveredstatements="3" conditionals="2" coveredconditionals="2" methods="1" coveredmethods="1"/>
      <file name="configureStore.js" path="/Users/gerard/Documents/skylab-bootcamp-202101/gerard-mangues/challenges/pokemonRedux/pokemon/src/redux/store/configureStore.js">
        <metrics statements="2" coveredstatements="2" conditionals="2" coveredconditionals="2" methods="1" coveredmethods="1"/>
        <line num="8" count="1" type="cond" truecount="2" falsecount="0"/>
        <line num="10" count="1" type="stmt"/>
      </file>
      <file name="initialState.js" path="/Users/gerard/Documents/skylab-bootcamp-202101/gerard-mangues/challenges/pokemonRedux/pokemon/src/redux/store/initialState.js">
        <metrics statements="1" coveredstatements="1" conditionals="0" coveredconditionals="0" methods="0" coveredmethods="0"/>
        <line num="1" count="1" type="stmt"/>
      </file>
    </package>
  </project>
</coverage>
