{"/Users/gerard/Documents/skylab-bootcamp-202101/gerard-mangues/challenges/pokemonRedux/pokemon/src/App.jsx": {"path":"/Users/gerard/Documents/skylab-bootcamp-202101/gerard-mangues/challenges/pokemonRedux/pokemon/src/App.jsx","statementMap":{"0":{"start":{"line":9,"column":2},"end":{"line":21,"column":4}}},"fnMap":{"0":{"name":"App","decl":{"start":{"line":8,"column":9},"end":{"line":8,"column":12}},"loc":{"start":{"line":8,"column":15},"end":{"line":22,"column":1}},"line":8}},"branchMap":{},"s":{"0":0},"f":{"0":0},"b":{}}
,"/Users/gerard/Documents/skylab-bootcamp-202101/gerard-mangues/challenges/pokemonRedux/pokemon/src/index.jsx": {"path":"/Users/gerard/Documents/skylab-bootcamp-202101/gerard-mangues/challenges/pokemonRedux/pokemon/src/index.jsx","statementMap":{"0":{"start":{"line":5,"column":0},"end":{"line":10,"column":2}}},"fnMap":{},"branchMap":{},"s":{"0":0},"f":{},"b":{}}
,"/Users/gerard/Documents/skylab-bootcamp-202101/gerard-mangues/challenges/pokemonRedux/pokemon/src/components/PokeDetail/PokeDetail.jsx": {"path":"/Users/gerard/Documents/skylab-bootcamp-202101/gerard-mangues/challenges/pokemonRedux/pokemon/src/components/PokeDetail/PokeDetail.jsx","statementMap":{"0":{"start":{"line":16,"column":22},"end":{"line":16,"column":33}},"1":{"start":{"line":17,"column":21},"end":{"line":17,"column":57}},"2":{"start":{"line":18,"column":2},"end":{"line":23,"column":16}},"3":{"start":{"line":20,"column":4},"end":{"line":20,"column":13}},"4":{"start":{"line":21,"column":25},"end":{"line":21,"column":45}},"5":{"start":{"line":22,"column":4},"end":{"line":22,"column":41}},"6":{"start":{"line":24,"column":2},"end":{"line":31,"column":4}},"7":{"start":{"line":35,"column":2},"end":{"line":35,"column":21}},"8":{"start":{"line":39,"column":2},"end":{"line":41,"column":4}},"9":{"start":{"line":44,"column":0},"end":{"line":55,"column":2}}},"fnMap":{"0":{"name":"PokeDetail","decl":{"start":{"line":8,"column":9},"end":{"line":8,"column":19}},"loc":{"start":{"line":15,"column":3},"end":{"line":32,"column":1}},"line":15},"1":{"name":"(anonymous_1)","decl":{"start":{"line":18,"column":12},"end":{"line":18,"column":13}},"loc":{"start":{"line":18,"column":18},"end":{"line":23,"column":3}},"line":18},"2":{"name":"mapStateToProps","decl":{"start":{"line":34,"column":9},"end":{"line":34,"column":24}},"loc":{"start":{"line":34,"column":38},"end":{"line":36,"column":1}},"line":34},"3":{"name":"mapDispatchToProps","decl":{"start":{"line":38,"column":9},"end":{"line":38,"column":27}},"loc":{"start":{"line":38,"column":38},"end":{"line":42,"column":1}},"line":38}},"branchMap":{},"s":{"0":0,"1":0,"2":0,"3":0,"4":0,"5":0,"6":0,"7":0,"8":0,"9":0},"f":{"0":0,"1":0,"2":0,"3":0},"b":{}}
,"/Users/gerard/Documents/skylab-bootcamp-202101/gerard-mangues/challenges/pokemonRedux/pokemon/src/components/PokeList/PokeList.jsx": {"path":"/Users/gerard/Documents/skylab-bootcamp-202101/gerard-mangues/challenges/pokemonRedux/pokemon/src/components/PokeList/PokeList.jsx","statementMap":{"0":{"start":{"line":9,"column":18},"end":{"line":9,"column":71}},"1":{"start":{"line":11,"column":38},"end":{"line":11,"column":50}},"2":{"start":{"line":13,"column":2},"end":{"line":17,"column":9}},"3":{"start":{"line":15,"column":4},"end":{"line":15,"column":13}},"4":{"start":{"line":16,"column":4},"end":{"line":16,"column":67}},"5":{"start":{"line":16,"column":33},"end":{"line":16,"column":65}},"6":{"start":{"line":19,"column":2},"end":{"line":42,"column":4}},"7":{"start":{"line":24,"column":29},"end":{"line":24,"column":62}},"8":{"start":{"line":26,"column":43},"end":{"line":26,"column":76}},"9":{"start":{"line":29,"column":10},"end":{"line":37,"column":15}},"10":{"start":{"line":35,"column":49},"end":{"line":35,"column":76}},"11":{"start":{"line":36,"column":49},"end":{"line":36,"column":88}},"12":{"start":{"line":44,"column":0},"end":{"line":52,"column":2}},"13":{"start":{"line":55,"column":2},"end":{"line":55,"column":34}},"14":{"start":{"line":59,"column":2},"end":{"line":66,"column":4}}},"fnMap":{"0":{"name":"PokeList","decl":{"start":{"line":8,"column":9},"end":{"line":8,"column":17}},"loc":{"start":{"line":8,"column":41},"end":{"line":43,"column":1}},"line":8},"1":{"name":"(anonymous_1)","decl":{"start":{"line":13,"column":12},"end":{"line":13,"column":13}},"loc":{"start":{"line":13,"column":18},"end":{"line":17,"column":3}},"line":13},"2":{"name":"(anonymous_2)","decl":{"start":{"line":24,"column":18},"end":{"line":24,"column":19}},"loc":{"start":{"line":24,"column":29},"end":{"line":24,"column":62}},"line":24},"3":{"name":"(anonymous_3)","decl":{"start":{"line":26,"column":37},"end":{"line":26,"column":38}},"loc":{"start":{"line":26,"column":43},"end":{"line":26,"column":76}},"line":26},"4":{"name":"(anonymous_4)","decl":{"start":{"line":28,"column":35},"end":{"line":28,"column":36}},"loc":{"start":{"line":29,"column":10},"end":{"line":37,"column":15}},"line":29},"5":{"name":"(anonymous_5)","decl":{"start":{"line":35,"column":43},"end":{"line":35,"column":44}},"loc":{"start":{"line":35,"column":49},"end":{"line":35,"column":76}},"line":35},"6":{"name":"(anonymous_6)","decl":{"start":{"line":36,"column":43},"end":{"line":36,"column":44}},"loc":{"start":{"line":36,"column":49},"end":{"line":36,"column":88}},"line":36},"7":{"name":"mapStateToProps","decl":{"start":{"line":54,"column":9},"end":{"line":54,"column":24}},"loc":{"start":{"line":54,"column":51},"end":{"line":56,"column":1}},"line":54},"8":{"name":"mapDispatchToProps","decl":{"start":{"line":58,"column":9},"end":{"line":58,"column":27}},"loc":{"start":{"line":58,"column":38},"end":{"line":67,"column":1}},"line":58}},"branchMap":{"0":{"loc":{"start":{"line":16,"column":4},"end":{"line":16,"column":67}},"type":"if","locations":[{"start":{"line":16,"column":4},"end":{"line":16,"column":67}},{"start":{"line":16,"column":4},"end":{"line":16,"column":67}}],"line":16},"1":{"loc":{"start":{"line":28,"column":10},"end":{"line":38,"column":10}},"type":"binary-expr","locations":[{"start":{"line":28,"column":10},"end":{"line":28,"column":18}},{"start":{"line":28,"column":22},"end":{"line":38,"column":10}}],"line":28}},"s":{"0":2,"1":2,"2":2,"3":2,"4":2,"5":2,"6":2,"7":0,"8":0,"9":0,"10":0,"11":0,"12":1,"13":2,"14":2},"f":{"0":2,"1":2,"2":0,"3":0,"4":0,"5":0,"6":0,"7":2,"8":2},"b":{"0":[2,0],"1":[2,2]},"_coverageSchema":"1a1c01bbd47fc00a2c39e90264f33305004495a9","hash":"af7edc95c45e0e9f8838a5a934968bbcab8dc9fd"}
,"/Users/gerard/Documents/skylab-bootcamp-202101/gerard-mangues/challenges/pokemonRedux/pokemon/src/redux/actions/pokeActions.js": {"path":"/Users/gerard/Documents/skylab-bootcamp-202101/gerard-mangues/challenges/pokemonRedux/pokemon/src/redux/actions/pokeActions.js","statementMap":{"0":{"start":{"line":6,"column":2},"end":{"line":6,"column":11}},"1":{"start":{"line":7,"column":2},"end":{"line":15,"column":4}},"2":{"start":{"line":8,"column":21},"end":{"line":8,"column":41}},"3":{"start":{"line":9,"column":4},"end":{"line":12,"column":7}},"4":{"start":{"line":14,"column":4},"end":{"line":14,"column":13}},"5":{"start":{"line":19,"column":2},"end":{"line":22,"column":4}},"6":{"start":{"line":26,"column":2},"end":{"line":36,"column":7}}},"fnMap":{"0":{"name":"fetchAsyncData","decl":{"start":{"line":4,"column":16},"end":{"line":4,"column":30}},"loc":{"start":{"line":4,"column":36},"end":{"line":16,"column":1}},"line":4},"1":{"name":"(anonymous_1)","decl":{"start":{"line":7,"column":9},"end":{"line":7,"column":10}},"loc":{"start":{"line":7,"column":29},"end":{"line":15,"column":3}},"line":7},"2":{"name":"deletePokemon","decl":{"start":{"line":18,"column":16},"end":{"line":18,"column":29}},"loc":{"start":{"line":18,"column":36},"end":{"line":23,"column":1}},"line":18},"3":{"name":"updatePokemon","decl":{"start":{"line":25,"column":16},"end":{"line":25,"column":29}},"loc":{"start":{"line":25,"column":57},"end":{"line":37,"column":1}},"line":25}},"branchMap":{"0":{"loc":{"start":{"line":25,"column":39},"end":{"line":25,"column":55}},"type":"default-arg","locations":[{"start":{"line":25,"column":46},"end":{"line":25,"column":55}}],"line":25},"1":{"loc":{"start":{"line":26,"column":10},"end":{"line":36,"column":5}},"type":"cond-expr","locations":[{"start":{"line":26,"column":17},"end":{"line":32,"column":3}},{"start":{"line":33,"column":6},"end":{"line":36,"column":5}}],"line":26}},"s":{"0":0,"1":0,"2":0,"3":0,"4":0,"5":0,"6":0},"f":{"0":0,"1":0,"2":0,"3":0},"b":{"0":[0],"1":[0,0]},"_coverageSchema":"1a1c01bbd47fc00a2c39e90264f33305004495a9","hash":"67b53f9257fc7ca043bf9e6fc6f62a5e3d1ce38a"}
,"/Users/gerard/Documents/skylab-bootcamp-202101/gerard-mangues/challenges/pokemonRedux/pokemon/src/redux/actions/pokeActionsTypes.js": {"path":"/Users/gerard/Documents/skylab-bootcamp-202101/gerard-mangues/challenges/pokemonRedux/pokemon/src/redux/actions/pokeActionsTypes.js","statementMap":{"0":{"start":{"line":1,"column":25},"end":{"line":7,"column":1}}},"fnMap":{},"branchMap":{},"s":{"0":2},"f":{},"b":{},"_coverageSchema":"1a1c01bbd47fc00a2c39e90264f33305004495a9","hash":"e1cd7b4fd8dde97224eb70f4a1e8f8e5f6489895"}
,"/Users/gerard/Documents/skylab-bootcamp-202101/gerard-mangues/challenges/pokemonRedux/pokemon/src/redux/reducers/index.js": {"path":"/Users/gerard/Documents/skylab-bootcamp-202101/gerard-mangues/challenges/pokemonRedux/pokemon/src/redux/reducers/index.js","statementMap":{"0":{"start":{"line":5,"column":20},"end":{"line":8,"column":2}}},"fnMap":{},"branchMap":{},"s":{"0":1},"f":{},"b":{},"_coverageSchema":"1a1c01bbd47fc00a2c39e90264f33305004495a9","hash":"4409d1540af06122f8871d145495b3e1c770343f"}
,"/Users/gerard/Documents/skylab-bootcamp-202101/gerard-mangues/challenges/pokemonRedux/pokemon/src/redux/reducers/pokemonReducer.js": {"path":"/Users/gerard/Documents/skylab-bootcamp-202101/gerard-mangues/challenges/pokemonRedux/pokemon/src/redux/reducers/pokemonReducer.js","statementMap":{"0":{"start":{"line":5,"column":2},"end":{"line":5,"column":11}},"1":{"start":{"line":6,"column":2},"end":{"line":7,"column":26}}},"fnMap":{"0":{"name":"pokemonReducer","decl":{"start":{"line":3,"column":24},"end":{"line":3,"column":38}},"loc":{"start":{"line":3,"column":59},"end":{"line":8,"column":1}},"line":3}},"branchMap":{"0":{"loc":{"start":{"line":3,"column":39},"end":{"line":3,"column":49}},"type":"default-arg","locations":[{"start":{"line":3,"column":47},"end":{"line":3,"column":49}}],"line":3},"1":{"loc":{"start":{"line":6,"column":9},"end":{"line":7,"column":25}},"type":"cond-expr","locations":[{"start":{"line":7,"column":6},"end":{"line":7,"column":17}},{"start":{"line":7,"column":20},"end":{"line":7,"column":25}}],"line":6},"2":{"loc":{"start":{"line":6,"column":9},"end":{"line":6,"column":83}},"type":"binary-expr","locations":[{"start":{"line":6,"column":9},"end":{"line":6,"column":52}},{"start":{"line":6,"column":56},"end":{"line":6,"column":83}}],"line":6}},"s":{"0":5,"1":5},"f":{"0":5},"b":{"0":[2],"1":[0,5],"2":[5,0]},"_coverageSchema":"1a1c01bbd47fc00a2c39e90264f33305004495a9","hash":"ab452ccb743f80ba0d8c06b3545a28cabf8926a2"}
,"/Users/gerard/Documents/skylab-bootcamp-202101/gerard-mangues/challenges/pokemonRedux/pokemon/src/redux/reducers/pokemonsReducer.js": {"path":"/Users/gerard/Documents/skylab-bootcamp-202101/gerard-mangues/challenges/pokemonRedux/pokemon/src/redux/reducers/pokemonsReducer.js","statementMap":{"0":{"start":{"line":5,"column":2},"end":{"line":5,"column":11}},"1":{"start":{"line":6,"column":2},"end":{"line":25,"column":3}},"2":{"start":{"line":8,"column":6},"end":{"line":8,"column":63}},"3":{"start":{"line":10,"column":6},"end":{"line":10,"column":69}},"4":{"start":{"line":10,"column":39},"end":{"line":10,"column":67}},"5":{"start":{"line":13,"column":6},"end":{"line":19,"column":9}},"6":{"start":{"line":14,"column":8},"end":{"line":17,"column":9}},"7":{"start":{"line":16,"column":10},"end":{"line":16,"column":62}},"8":{"start":{"line":18,"column":8},"end":{"line":18,"column":23}},"9":{"start":{"line":21,"column":6},"end":{"line":21,"column":75}},"10":{"start":{"line":24,"column":6},"end":{"line":24,"column":19}}},"fnMap":{"0":{"name":"pokemonsReducer","decl":{"start":{"line":3,"column":24},"end":{"line":3,"column":39}},"loc":{"start":{"line":3,"column":60},"end":{"line":26,"column":1}},"line":3},"1":{"name":"(anonymous_1)","decl":{"start":{"line":10,"column":26},"end":{"line":10,"column":27}},"loc":{"start":{"line":10,"column":39},"end":{"line":10,"column":67}},"line":10},"2":{"name":"(anonymous_2)","decl":{"start":{"line":13,"column":23},"end":{"line":13,"column":24}},"loc":{"start":{"line":13,"column":36},"end":{"line":19,"column":7}},"line":13}},"branchMap":{"0":{"loc":{"start":{"line":3,"column":40},"end":{"line":3,"column":50}},"type":"default-arg","locations":[{"start":{"line":3,"column":48},"end":{"line":3,"column":50}}],"line":3},"1":{"loc":{"start":{"line":6,"column":2},"end":{"line":25,"column":3}},"type":"switch","locations":[{"start":{"line":7,"column":4},"end":{"line":8,"column":63}},{"start":{"line":9,"column":4},"end":{"line":10,"column":69}},{"start":{"line":12,"column":4},"end":{"line":19,"column":9}},{"start":{"line":20,"column":4},"end":{"line":21,"column":75}},{"start":{"line":23,"column":4},"end":{"line":24,"column":19}}],"line":6},"2":{"loc":{"start":{"line":8,"column":13},"end":{"line":8,"column":62}},"type":"cond-expr","locations":[{"start":{"line":8,"column":35},"end":{"line":8,"column":54}},{"start":{"line":8,"column":57},"end":{"line":8,"column":62}}],"line":8},"3":{"loc":{"start":{"line":14,"column":8},"end":{"line":17,"column":9}},"type":"if","locations":[{"start":{"line":14,"column":8},"end":{"line":17,"column":9}},{"start":{"line":14,"column":8},"end":{"line":17,"column":9}}],"line":14},"4":{"loc":{"start":{"line":21,"column":13},"end":{"line":21,"column":74}},"type":"cond-expr","locations":[{"start":{"line":21,"column":30},"end":{"line":21,"column":66}},{"start":{"line":21,"column":69},"end":{"line":21,"column":74}}],"line":21}},"s":{"0":5,"1":5,"2":0,"3":0,"4":0,"5":0,"6":0,"7":0,"8":0,"9":0,"10":5},"f":{"0":5,"1":0,"2":0},"b":{"0":[2],"1":[0,0,0,0,5],"2":[0,0],"3":[0,0],"4":[0,0]},"_coverageSchema":"1a1c01bbd47fc00a2c39e90264f33305004495a9","hash":"30448e4fa2693ba4e962ec1a50a42ab44ab9ce8d"}
,"/Users/gerard/Documents/skylab-bootcamp-202101/gerard-mangues/challenges/pokemonRedux/pokemon/src/redux/store/configureStore.js": {"path":"/Users/gerard/Documents/skylab-bootcamp-202101/gerard-mangues/challenges/pokemonRedux/pokemon/src/redux/store/configureStore.js","statementMap":{"0":{"start":{"line":8,"column":27},"end":{"line":8,"column":81}},"1":{"start":{"line":10,"column":2},"end":{"line":15,"column":4}}},"fnMap":{"0":{"name":"configureStore","decl":{"start":{"line":7,"column":9},"end":{"line":7,"column":23}},"loc":{"start":{"line":7,"column":26},"end":{"line":16,"column":1}},"line":7}},"branchMap":{"0":{"loc":{"start":{"line":8,"column":27},"end":{"line":8,"column":81}},"type":"binary-expr","locations":[{"start":{"line":8,"column":27},"end":{"line":8,"column":70}},{"start":{"line":8,"column":74},"end":{"line":8,"column":81}}],"line":8}},"s":{"0":1,"1":1},"f":{"0":1},"b":{"0":[1,1]},"_coverageSchema":"1a1c01bbd47fc00a2c39e90264f33305004495a9","hash":"fc203e6384cb2194b3e6f27521fd90d2fe06a6a7"}
,"/Users/gerard/Documents/skylab-bootcamp-202101/gerard-mangues/challenges/pokemonRedux/pokemon/src/redux/store/initialState.js": {"path":"/Users/gerard/Documents/skylab-bootcamp-202101/gerard-mangues/challenges/pokemonRedux/pokemon/src/redux/store/initialState.js","statementMap":{"0":{"start":{"line":1,"column":21},"end":{"line":4,"column":1}}},"fnMap":{},"branchMap":{},"s":{"0":1},"f":{},"b":{},"_coverageSchema":"1a1c01bbd47fc00a2c39e90264f33305004495a9","hash":"21c5b5f8eba3b0c5f4cecfc30abfb15ade9313f7"}
}
