TN:
SF:src/App.jsx
FN:8,App
FNF:1
FNH:0
FNDA:0,App
DA:9,0
LF:1
LH:0
BRF:0
BRH:0
end_of_record
TN:
SF:src/index.jsx
FNF:0
FNH:0
DA:5,0
LF:1
LH:0
BRF:0
BRH:0
end_of_record
TN:
SF:src/components/PokeDetail/PokeDetail.jsx
FN:8,PokeDetail
FN:18,(anonymous_1)
FN:34,mapStateToProps
FN:38,mapDispatchToProps
FNF:4
FNH:0
FNDA:0,PokeDetail
FNDA:0,(anonymous_1)
FNDA:0,mapStateToProps
FNDA:0,mapDispatchToProps
DA:16,0
DA:17,0
DA:18,0
DA:20,0
DA:21,0
DA:22,0
DA:24,0
DA:35,0
DA:39,0
DA:44,0
LF:10
LH:0
BRF:0
BRH:0
end_of_record
TN:
SF:src/components/PokeList/PokeList.jsx
FN:8,PokeList
FN:13,(anonymous_1)
FN:24,(anonymous_2)
FN:26,(anonymous_3)
FN:28,(anonymous_4)
FN:35,(anonymous_5)
FN:36,(anonymous_6)
FN:54,mapStateToProps
FN:58,mapDispatchToProps
FNF:9
FNH:4
FNDA:2,PokeList
FNDA:2,(anonymous_1)
FNDA:0,(anonymous_2)
FNDA:0,(anonymous_3)
FNDA:0,(anonymous_4)
FNDA:0,(anonymous_5)
FNDA:0,(anonymous_6)
FNDA:2,mapStateToProps
FNDA:2,mapDispatchToProps
DA:9,2
DA:11,2
DA:13,2
DA:15,2
DA:16,2
DA:19,2
DA:24,0
DA:26,0
DA:29,0
DA:35,0
DA:36,0
DA:44,1
DA:55,2
DA:59,2
LF:14
LH:9
BRDA:16,0,0,2
BRDA:16,0,1,0
BRDA:28,1,0,2
BRDA:28,1,1,2
BRF:4
BRH:3
end_of_record
TN:
SF:src/redux/actions/pokeActions.js
FN:4,fetchAsyncData
FN:7,(anonymous_1)
FN:18,deletePokemon
FN:25,updatePokemon
FNF:4
FNH:0
FNDA:0,fetchAsyncData
FNDA:0,(anonymous_1)
FNDA:0,deletePokemon
FNDA:0,updatePokemon
DA:6,0
DA:7,0
DA:8,0
DA:9,0
DA:14,0
DA:19,0
DA:26,0
LF:7
LH:0
BRDA:25,0,0,0
BRDA:26,1,0,0
BRDA:26,1,1,0
BRF:3
BRH:0
end_of_record
TN:
SF:src/redux/actions/pokeActionsTypes.js
FNF:0
FNH:0
DA:1,2
LF:1
LH:1
BRF:0
BRH:0
end_of_record
TN:
SF:src/redux/reducers/index.js
FNF:0
FNH:0
DA:5,1
LF:1
LH:1
BRF:0
BRH:0
end_of_record
TN:
SF:src/redux/reducers/pokemonReducer.js
FN:3,pokemonReducer
FNF:1
FNH:1
FNDA:5,pokemonReducer
DA:5,5
DA:6,5
LF:2
LH:2
BRDA:3,0,0,2
BRDA:6,1,0,0
BRDA:6,1,1,5
BRDA:6,2,0,5
BRDA:6,2,1,0
BRF:5
BRH:3
end_of_record
TN:
SF:src/redux/reducers/pokemonsReducer.js
FN:3,pokemonsReducer
FN:10,(anonymous_1)
FN:13,(anonymous_2)
FNF:3
FNH:1
FNDA:5,pokemonsReducer
FNDA:0,(anonymous_1)
FNDA:0,(anonymous_2)
DA:5,5
DA:6,5
DA:8,0
DA:10,0
DA:13,0
DA:14,0
DA:16,0
DA:18,0
DA:21,0
DA:24,5
LF:10
LH:3
BRDA:3,0,0,2
BRDA:6,1,0,0
BRDA:6,1,1,0
BRDA:6,1,2,0
BRDA:6,1,3,0
BRDA:6,1,4,5
BRDA:8,2,0,0
BRDA:8,2,1,0
BRDA:14,3,0,0
BRDA:14,3,1,0
BRDA:21,4,0,0
BRDA:21,4,1,0
BRF:12
BRH:2
end_of_record
TN:
SF:src/redux/store/configureStore.js
FN:7,configureStore
FNF:1
FNH:1
FNDA:1,configureStore
DA:8,1
DA:10,1
LF:2
LH:2
BRDA:8,0,0,1
BRDA:8,0,1,1
BRF:2
BRH:2
end_of_record
TN:
SF:src/redux/store/initialState.js
FNF:0
FNH:0
DA:1,1
LF:1
LH:1
BRF:0
BRH:0
end_of_record
