{"/Users/gerard/Documents/skylab-bootcamp-202101/gerard-mangues/challenges/pokeApi/BACKEND/src/controllers/pokeController.js": {"path":"/Users/gerard/Documents/skylab-bootcamp-202101/gerard-mangues/challenges/pokeApi/BACKEND/src/controllers/pokeController.js","statementMap":{"0":{"start":{"line":1,"column":13},"end":{"line":1,"column":43}},"1":{"start":{"line":5,"column":23},"end":{"line":5,"column":41}},"2":{"start":{"line":7,"column":4},"end":{"line":7,"column":22}},"3":{"start":{"line":9,"column":4},"end":{"line":9,"column":25}},"4":{"start":{"line":13,"column":18},"end":{"line":13,"column":20}},"5":{"start":{"line":14,"column":4},"end":{"line":21,"column":7}},"6":{"start":{"line":15,"column":6},"end":{"line":20,"column":7}},"7":{"start":{"line":16,"column":8},"end":{"line":16,"column":24}},"8":{"start":{"line":17,"column":8},"end":{"line":17,"column":63}},"9":{"start":{"line":19,"column":8},"end":{"line":19,"column":29}},"10":{"start":{"line":25,"column":21},"end":{"line":25,"column":31}},"11":{"start":{"line":26,"column":18},"end":{"line":26,"column":65}},"12":{"start":{"line":27,"column":4},"end":{"line":37,"column":5}},"13":{"start":{"line":28,"column":24},"end":{"line":28,"column":56}},"14":{"start":{"line":29,"column":6},"end":{"line":29,"column":26}},"15":{"start":{"line":35,"column":6},"end":{"line":35,"column":46}},"16":{"start":{"line":36,"column":6},"end":{"line":36,"column":22}},"17":{"start":{"line":41,"column":15},"end":{"line":41,"column":46}},"18":{"start":{"line":42,"column":4},"end":{"line":48,"column":5}},"19":{"start":{"line":43,"column":26},"end":{"line":43,"column":90}},"20":{"start":{"line":44,"column":6},"end":{"line":44,"column":28}},"21":{"start":{"line":46,"column":6},"end":{"line":46,"column":22}},"22":{"start":{"line":47,"column":6},"end":{"line":47,"column":22}},"23":{"start":{"line":52,"column":15},"end":{"line":52,"column":46}},"24":{"start":{"line":53,"column":4},"end":{"line":59,"column":5}},"25":{"start":{"line":54,"column":26},"end":{"line":54,"column":65}},"26":{"start":{"line":55,"column":6},"end":{"line":55,"column":28}},"27":{"start":{"line":57,"column":6},"end":{"line":57,"column":22}},"28":{"start":{"line":58,"column":6},"end":{"line":58,"column":59}},"29":{"start":{"line":62,"column":2},"end":{"line":68,"column":4}},"30":{"start":{"line":71,"column":0},"end":{"line":71,"column":34}}},"fnMap":{"0":{"name":"pokeController","decl":{"start":{"line":3,"column":9},"end":{"line":3,"column":23}},"loc":{"start":{"line":3,"column":26},"end":{"line":69,"column":1}},"line":3},"1":{"name":"createPokemon","decl":{"start":{"line":4,"column":11},"end":{"line":4,"column":24}},"loc":{"start":{"line":4,"column":35},"end":{"line":10,"column":3}},"line":4},"2":{"name":"getPokemons","decl":{"start":{"line":12,"column":11},"end":{"line":12,"column":22}},"loc":{"start":{"line":12,"column":33},"end":{"line":22,"column":3}},"line":12},"3":{"name":"(anonymous_3)","decl":{"start":{"line":14,"column":21},"end":{"line":14,"column":22}},"loc":{"start":{"line":14,"column":52},"end":{"line":21,"column":5}},"line":14},"4":{"name":"getByParam","decl":{"start":{"line":24,"column":17},"end":{"line":24,"column":27}},"loc":{"start":{"line":24,"column":38},"end":{"line":38,"column":3}},"line":24},"5":{"name":"updatePokemon","decl":{"start":{"line":40,"column":17},"end":{"line":40,"column":30}},"loc":{"start":{"line":40,"column":41},"end":{"line":49,"column":3}},"line":40},"6":{"name":"deletePokemon","decl":{"start":{"line":51,"column":17},"end":{"line":51,"column":30}},"loc":{"start":{"line":51,"column":41},"end":{"line":60,"column":3}},"line":51}},"branchMap":{"0":{"loc":{"start":{"line":15,"column":6},"end":{"line":20,"column":7}},"type":"if","locations":[{"start":{"line":15,"column":6},"end":{"line":20,"column":7}},{"start":{"line":15,"column":6},"end":{"line":20,"column":7}}],"line":15},"1":{"loc":{"start":{"line":26,"column":21},"end":{"line":26,"column":56}},"type":"cond-expr","locations":[{"start":{"line":26,"column":43},"end":{"line":26,"column":49}},{"start":{"line":26,"column":52},"end":{"line":26,"column":56}}],"line":26},"2":{"loc":{"start":{"line":41,"column":15},"end":{"line":41,"column":46}},"type":"binary-expr","locations":[{"start":{"line":41,"column":15},"end":{"line":41,"column":30}},{"start":{"line":41,"column":34},"end":{"line":41,"column":46}}],"line":41},"3":{"loc":{"start":{"line":52,"column":15},"end":{"line":52,"column":46}},"type":"binary-expr","locations":[{"start":{"line":52,"column":15},"end":{"line":52,"column":30}},{"start":{"line":52,"column":34},"end":{"line":52,"column":46}}],"line":52}},"s":{"0":1,"1":1,"2":1,"3":1,"4":2,"5":2,"6":2,"7":1,"8":1,"9":1,"10":3,"11":3,"12":3,"13":3,"14":2,"15":1,"16":1,"17":3,"18":3,"19":3,"20":2,"21":1,"22":1,"23":0,"24":0,"25":0,"26":0,"27":0,"28":0,"29":1,"30":1},"f":{"0":1,"1":1,"2":2,"3":2,"4":3,"5":3,"6":0},"b":{"0":[1,1],"1":[1,2],"2":[3,2],"3":[0,0]},"_coverageSchema":"1a1c01bbd47fc00a2c39e90264f33305004495a9","hash":"d250461bfb3bc03f90d54993f15ed47e4dd626c0"}
,"/Users/gerard/Documents/skylab-bootcamp-202101/gerard-mangues/challenges/pokeApi/BACKEND/src/models/pokeModel.js": {"path":"/Users/gerard/Documents/skylab-bootcamp-202101/gerard-mangues/challenges/pokeApi/BACKEND/src/models/pokeModel.js","statementMap":{"0":{"start":{"line":1,"column":26},"end":{"line":1,"column":45}},"1":{"start":{"line":3,"column":19},"end":{"line":11,"column":2}},"2":{"start":{"line":13,"column":0},"end":{"line":13,"column":46}}},"fnMap":{},"branchMap":{},"s":{"0":1,"1":1,"2":1},"f":{},"b":{},"_coverageSchema":"1a1c01bbd47fc00a2c39e90264f33305004495a9","hash":"de5d6d6d7e296d0d72f537ee3c9b209f8b50174a"}
}
