TN:
SF:src/controllers/pokeController.js
FN:3,pokeController
FN:4,createPokemon
FN:12,getPokemons
FN:14,(anonymous_3)
FN:24,getByParam
FN:40,updatePokemon
FN:51,deletePokemon
FNF:7
FNH:6
FNDA:1,pokeController
FNDA:1,createPokemon
FNDA:2,getPokemons
FNDA:2,(anonymous_3)
FNDA:3,getByParam
FNDA:3,updatePokemon
FNDA:0,deletePokemon
DA:1,1
DA:5,1
DA:7,1
DA:9,1
DA:13,2
DA:14,2
DA:15,2
DA:16,1
DA:17,1
DA:19,1
DA:25,3
DA:26,3
DA:27,3
DA:28,3
DA:29,2
DA:35,1
DA:36,1
DA:41,3
DA:42,3
DA:43,3
DA:44,2
DA:46,1
DA:47,1
DA:52,0
DA:53,0
DA:54,0
DA:55,0
DA:57,0
DA:58,0
DA:62,1
DA:71,1
LF:31
LH:25
BRDA:15,0,0,1
BRDA:15,0,1,1
BRDA:26,1,0,1
BRDA:26,1,1,2
BRDA:41,2,0,3
BRDA:41,2,1,2
BRDA:52,3,0,0
BRDA:52,3,1,0
BRF:8
BRH:6
end_of_record
TN:
SF:src/models/pokeModel.js
FNF:0
FNH:0
DA:1,1
DA:3,1
DA:13,1
LF:3
LH:3
BRF:0
BRH:0
end_of_record
